{"C:\\Users\\Bostikpc\\repos\\rev-repos\\200406-java-react-usf\\Josef_Bostik_p0\\src\\errors\\errors.ts": {"path":"C:\\Users\\Bostikpc\\repos\\rev-repos\\200406-java-react-usf\\Josef_Bostik_p0\\src\\errors\\errors.ts","statementMap":{"0":{"start":{"line":1,"column":0},"end":{"line":1,"column":null}},"1":{"start":{"line":9,"column":8},"end":{"line":9,"column":37}},"2":{"start":{"line":10,"column":8},"end":{"line":10,"column":55}},"3":{"start":{"line":11,"column":8},"end":{"line":11,"column":36}},"4":{"start":{"line":12,"column":8},"end":{"line":12,"column":72}},"5":{"start":{"line":15,"column":4},"end":{"line":17,"column":null}},"6":{"start":{"line":16,"column":8},"end":{"line":16,"column":31}},"7":{"start":{"line":19,"column":0},"end":{"line":19,"column":null}},"8":{"start":{"line":21,"column":0},"end":{"line":21,"column":null}},"9":{"start":{"line":21,"column":39},"end":{"line":21,"column":55}},"10":{"start":{"line":24,"column":8},"end":{"line":24,"column":null}},"11":{"start":{"line":25,"column":8},"end":{"line":25,"column":60}},"12":{"start":{"line":28,"column":0},"end":{"line":28,"column":null}},"13":{"start":{"line":86,"column":4},"end":{"line":86,"column":28}},"14":{"start":{"line":30,"column":0},"end":{"line":30,"column":null}},"15":{"start":{"line":30,"column":36},"end":{"line":30,"column":52}},"16":{"start":{"line":33,"column":8},"end":{"line":33,"column":null}},"17":{"start":{"line":34,"column":8},"end":{"line":34,"column":71}},"18":{"start":{"line":37,"column":0},"end":{"line":37,"column":null}},"19":{"start":{"line":85,"column":4},"end":{"line":85,"column":25}},"20":{"start":{"line":39,"column":0},"end":{"line":39,"column":null}},"21":{"start":{"line":39,"column":30},"end":{"line":39,"column":46}},"22":{"start":{"line":42,"column":8},"end":{"line":42,"column":null}},"23":{"start":{"line":43,"column":8},"end":{"line":43,"column":57}},"24":{"start":{"line":46,"column":0},"end":{"line":46,"column":null}},"25":{"start":{"line":87,"column":4},"end":{"line":87,"column":19}},"26":{"start":{"line":48,"column":0},"end":{"line":48,"column":null}},"27":{"start":{"line":48,"column":34},"end":{"line":48,"column":50}},"28":{"start":{"line":51,"column":8},"end":{"line":51,"column":null}},"29":{"start":{"line":52,"column":8},"end":{"line":52,"column":51}},"30":{"start":{"line":55,"column":0},"end":{"line":55,"column":null}},"31":{"start":{"line":88,"column":4},"end":{"line":88,"column":23}},"32":{"start":{"line":57,"column":0},"end":{"line":57,"column":null}},"33":{"start":{"line":57,"column":33},"end":{"line":57,"column":49}},"34":{"start":{"line":60,"column":8},"end":{"line":60,"column":null}},"35":{"start":{"line":61,"column":8},"end":{"line":61,"column":80}},"36":{"start":{"line":64,"column":0},"end":{"line":64,"column":null}},"37":{"start":{"line":90,"column":4},"end":{"line":90,"column":22}},"38":{"start":{"line":65,"column":0},"end":{"line":65,"column":null}},"39":{"start":{"line":65,"column":34},"end":{"line":65,"column":50}},"40":{"start":{"line":68,"column":8},"end":{"line":68,"column":null}},"41":{"start":{"line":69,"column":8},"end":{"line":69,"column":58}},"42":{"start":{"line":72,"column":0},"end":{"line":72,"column":null}},"43":{"start":{"line":91,"column":4},"end":{"line":91,"column":23}},"44":{"start":{"line":74,"column":0},"end":{"line":74,"column":null}},"45":{"start":{"line":74,"column":34},"end":{"line":74,"column":50}},"46":{"start":{"line":77,"column":8},"end":{"line":77,"column":null}},"47":{"start":{"line":78,"column":8},"end":{"line":78,"column":51}},"48":{"start":{"line":81,"column":0},"end":{"line":81,"column":null}},"49":{"start":{"line":89,"column":4},"end":{"line":89,"column":23}}},"fnMap":{"0":{"name":"(anonymous_6)","decl":{"start":{"line":1,"column":0},"end":{"line":1,"column":null}},"loc":{"start":{"line":1,"column":0},"end":{"line":19,"column":null}}},"1":{"name":"ApplicationError","decl":{"start":{"line":8,"column":4},"end":{"line":8,"column":16}},"loc":{"start":{"line":8,"column":48},"end":{"line":13,"column":5}}},"2":{"name":"(anonymous_8)","decl":{"start":{"line":15,"column":4},"end":{"line":15,"column":14}},"loc":{"start":{"line":15,"column":30},"end":{"line":17,"column":5}}},"3":{"name":"(anonymous_9)","decl":{"start":{"line":21,"column":0},"end":{"line":21,"column":39}},"loc":{"start":{"line":21,"column":0},"end":{"line":28,"column":null}}},"4":{"name":"ResourcePersistenceError","decl":{"start":{"line":23,"column":4},"end":{"line":23,"column":16}},"loc":{"start":{"line":23,"column":31},"end":{"line":26,"column":5}}},"5":{"name":"(anonymous_11)","decl":{"start":{"line":30,"column":0},"end":{"line":30,"column":36}},"loc":{"start":{"line":30,"column":0},"end":{"line":37,"column":null}}},"6":{"name":"ResourceNotFoundError","decl":{"start":{"line":32,"column":4},"end":{"line":32,"column":16}},"loc":{"start":{"line":32,"column":31},"end":{"line":35,"column":5}}},"7":{"name":"(anonymous_13)","decl":{"start":{"line":39,"column":0},"end":{"line":39,"column":30}},"loc":{"start":{"line":39,"column":0},"end":{"line":46,"column":null}}},"8":{"name":"BadRequestError","decl":{"start":{"line":41,"column":4},"end":{"line":41,"column":16}},"loc":{"start":{"line":41,"column":31},"end":{"line":44,"column":5}}},"9":{"name":"(anonymous_15)","decl":{"start":{"line":48,"column":0},"end":{"line":48,"column":34}},"loc":{"start":{"line":48,"column":0},"end":{"line":55,"column":null}}},"10":{"name":"AuthenticationError","decl":{"start":{"line":50,"column":4},"end":{"line":50,"column":16}},"loc":{"start":{"line":50,"column":31},"end":{"line":53,"column":5}}},"11":{"name":"(anonymous_17)","decl":{"start":{"line":57,"column":0},"end":{"line":57,"column":33}},"loc":{"start":{"line":57,"column":0},"end":{"line":64,"column":null}}},"12":{"name":"AuthorizationError","decl":{"start":{"line":59,"column":4},"end":{"line":59,"column":16}},"loc":{"start":{"line":59,"column":31},"end":{"line":62,"column":5}}},"13":{"name":"(anonymous_19)","decl":{"start":{"line":65,"column":0},"end":{"line":65,"column":34}},"loc":{"start":{"line":65,"column":0},"end":{"line":72,"column":null}}},"14":{"name":"InternalServerError","decl":{"start":{"line":67,"column":4},"end":{"line":67,"column":16}},"loc":{"start":{"line":67,"column":31},"end":{"line":70,"column":5}}},"15":{"name":"(anonymous_21)","decl":{"start":{"line":74,"column":0},"end":{"line":74,"column":34}},"loc":{"start":{"line":74,"column":0},"end":{"line":81,"column":null}}},"16":{"name":"NotImplementedError","decl":{"start":{"line":76,"column":4},"end":{"line":76,"column":16}},"loc":{"start":{"line":76,"column":31},"end":{"line":79,"column":5}}}},"branchMap":{"0":{"loc":{"start":{"line":12,"column":15},"end":{"line":12,"column":32}},"type":"cond-expr","locations":[{"start":{"line":12,"column":15},"end":{"line":12,"column":32}},{"start":{"line":12,"column":36},"end":{"line":12,"column":71}}]},"1":{"loc":{"start":{"line":24,"column":8},"end":{"line":24,"column":26}},"type":"binary-expr","locations":[{"start":{"line":24,"column":8},"end":{"line":24,"column":26}},{"start":{"line":24,"column":26},"end":{"line":24,"column":null}}]},"2":{"loc":{"start":{"line":33,"column":8},"end":{"line":33,"column":26}},"type":"binary-expr","locations":[{"start":{"line":33,"column":8},"end":{"line":33,"column":26}},{"start":{"line":33,"column":26},"end":{"line":33,"column":null}}]},"3":{"loc":{"start":{"line":42,"column":8},"end":{"line":42,"column":26}},"type":"binary-expr","locations":[{"start":{"line":42,"column":8},"end":{"line":42,"column":26}},{"start":{"line":42,"column":26},"end":{"line":42,"column":null}}]},"4":{"loc":{"start":{"line":51,"column":8},"end":{"line":51,"column":26}},"type":"binary-expr","locations":[{"start":{"line":51,"column":8},"end":{"line":51,"column":26}},{"start":{"line":51,"column":26},"end":{"line":51,"column":null}}]},"5":{"loc":{"start":{"line":60,"column":8},"end":{"line":60,"column":26}},"type":"binary-expr","locations":[{"start":{"line":60,"column":8},"end":{"line":60,"column":26}},{"start":{"line":60,"column":26},"end":{"line":60,"column":null}}]},"6":{"loc":{"start":{"line":68,"column":8},"end":{"line":68,"column":26}},"type":"binary-expr","locations":[{"start":{"line":68,"column":8},"end":{"line":68,"column":26}},{"start":{"line":68,"column":26},"end":{"line":68,"column":null}}]},"7":{"loc":{"start":{"line":77,"column":8},"end":{"line":77,"column":26}},"type":"binary-expr","locations":[{"start":{"line":77,"column":8},"end":{"line":77,"column":26}},{"start":{"line":77,"column":26},"end":{"line":77,"column":null}}]}},"s":{"0":2,"1":8,"2":8,"3":8,"4":8,"5":2,"6":8,"7":2,"8":2,"9":2,"10":0,"11":0,"12":2,"13":2,"14":2,"15":2,"16":2,"17":2,"18":2,"19":2,"20":2,"21":2,"22":6,"23":6,"24":2,"25":2,"26":2,"27":2,"28":0,"29":0,"30":2,"31":2,"32":2,"33":2,"34":0,"35":0,"36":2,"37":2,"38":2,"39":2,"40":0,"41":0,"42":2,"43":2,"44":2,"45":2,"46":0,"47":0,"48":2,"49":2},"f":{"0":2,"1":8,"2":8,"3":2,"4":0,"5":2,"6":2,"7":2,"8":6,"9":2,"10":0,"11":2,"12":0,"13":2,"14":0,"15":2,"16":0},"b":{"0":[0,8],"1":[0,0],"2":[2,2],"3":[6,6],"4":[0,0],"5":[0,0],"6":[0,0],"7":[0,0]}}
,"C:\\Users\\Bostikpc\\repos\\rev-repos\\200406-java-react-usf\\Josef_Bostik_p0\\src\\models\\role.ts": {"path":"C:\\Users\\Bostikpc\\repos\\rev-repos\\200406-java-react-usf\\Josef_Bostik_p0\\src\\models\\role.ts","statementMap":{"0":{"start":{"line":1,"column":0},"end":{"line":1,"column":13}},"1":{"start":{"line":8,"column":8},"end":{"line":35,"column":null}},"2":{"start":{"line":9,"column":12},"end":{"line":9,"column":27}},"3":{"start":{"line":10,"column":12},"end":{"line":17,"column":null}},"4":{"start":{"line":11,"column":24},"end":{"line":11,"column":44}},"5":{"start":{"line":11,"column":45},"end":{"line":11,"column":51}},"6":{"start":{"line":12,"column":24},"end":{"line":12,"column":42}},"7":{"start":{"line":12,"column":43},"end":{"line":12,"column":49}},"8":{"start":{"line":13,"column":24},"end":{"line":13,"column":43}},"9":{"start":{"line":13,"column":44},"end":{"line":13,"column":50}},"10":{"start":{"line":15,"column":20},"end":{"line":15,"column":32}},"11":{"start":{"line":16,"column":20},"end":{"line":16,"column":41}},"12":{"start":{"line":20,"column":13},"end":{"line":35,"column":null}},"13":{"start":{"line":21,"column":12},"end":{"line":21,"column":29}},"14":{"start":{"line":22,"column":12},"end":{"line":29,"column":null}},"15":{"start":{"line":23,"column":30},"end":{"line":23,"column":42}},"16":{"start":{"line":23,"column":43},"end":{"line":23,"column":49}},"17":{"start":{"line":24,"column":28},"end":{"line":24,"column":40}},"18":{"start":{"line":24,"column":41},"end":{"line":24,"column":47}},"19":{"start":{"line":25,"column":29},"end":{"line":25,"column":41}},"20":{"start":{"line":25,"column":42},"end":{"line":25,"column":48}},"21":{"start":{"line":27,"column":20},"end":{"line":27,"column":32}},"22":{"start":{"line":28,"column":20},"end":{"line":28,"column":41}},"23":{"start":{"line":33,"column":12},"end":{"line":33,"column":24}},"24":{"start":{"line":34,"column":12},"end":{"line":34,"column":33}},"25":{"start":{"line":39,"column":0},"end":{"line":39,"column":null}},"26":{"start":{"line":1,"column":13},"end":{"line":1,"column":17}}},"fnMap":{"0":{"name":"(anonymous_0)","decl":{"start":{"line":1,"column":0},"end":{"line":1,"column":13}},"loc":{"start":{"line":1,"column":0},"end":{"line":39,"column":null}}},"1":{"name":"Role","decl":{"start":{"line":6,"column":4},"end":{"line":6,"column":16}},"loc":{"start":{"line":6,"column":37},"end":{"line":37,"column":5}}}},"branchMap":{"0":{"loc":{"start":{"line":8,"column":8},"end":{"line":35,"column":null}},"type":"if","locations":[{"start":{"line":8,"column":8},"end":{"line":35,"column":null}},{"start":{"line":8,"column":8},"end":{"line":35,"column":null}}]},"1":{"loc":{"start":{"line":11,"column":16},"end":{"line":11,"column":51}},"type":"switch","locations":[{"start":{"line":11,"column":16},"end":{"line":11,"column":51}},{"start":{"line":12,"column":16},"end":{"line":12,"column":49}},{"start":{"line":13,"column":16},"end":{"line":13,"column":50}},{"start":{"line":14,"column":16},"end":{"line":16,"column":41}}]},"2":{"loc":{"start":{"line":20,"column":13},"end":{"line":35,"column":null}},"type":"if","locations":[{"start":{"line":20,"column":13},"end":{"line":35,"column":null}},{"start":{"line":20,"column":13},"end":{"line":35,"column":null}}]},"3":{"loc":{"start":{"line":23,"column":16},"end":{"line":23,"column":49}},"type":"switch","locations":[{"start":{"line":23,"column":16},"end":{"line":23,"column":49}},{"start":{"line":24,"column":16},"end":{"line":24,"column":47}},{"start":{"line":25,"column":16},"end":{"line":25,"column":48}},{"start":{"line":26,"column":16},"end":{"line":28,"column":41}}]}},"s":{"0":3,"1":17,"2":13,"3":13,"4":1,"5":1,"6":1,"7":1,"8":1,"9":1,"10":10,"11":10,"12":4,"13":4,"14":4,"15":0,"16":0,"17":0,"18":0,"19":0,"20":0,"21":4,"22":4,"23":0,"24":0,"25":3,"26":3},"f":{"0":3,"1":17},"b":{"0":[13,4],"1":[1,1,1,10],"2":[4,0],"3":[0,0,0,4]}}
,"C:\\Users\\Bostikpc\\repos\\rev-repos\\200406-java-react-usf\\Josef_Bostik_p0\\src\\models\\user.ts": {"path":"C:\\Users\\Bostikpc\\repos\\rev-repos\\200406-java-react-usf\\Josef_Bostik_p0\\src\\models\\user.ts","statementMap":{"0":{"start":{"line":14,"column":0},"end":{"line":14,"column":13}},"1":{"start":{"line":26,"column":8},"end":{"line":26,"column":21}},"2":{"start":{"line":27,"column":8},"end":{"line":27,"column":27}},"3":{"start":{"line":28,"column":8},"end":{"line":28,"column":27}},"4":{"start":{"line":29,"column":8},"end":{"line":29,"column":28}},"5":{"start":{"line":30,"column":8},"end":{"line":30,"column":27}},"6":{"start":{"line":31,"column":8},"end":{"line":31,"column":27}},"7":{"start":{"line":32,"column":8},"end":{"line":32,"column":25}},"8":{"start":{"line":35,"column":0},"end":{"line":35,"column":null}},"9":{"start":{"line":14,"column":13},"end":{"line":14,"column":17}}},"fnMap":{"0":{"name":"(anonymous_0)","decl":{"start":{"line":14,"column":0},"end":{"line":14,"column":13}},"loc":{"start":{"line":14,"column":0},"end":{"line":35,"column":null}}},"1":{"name":"User","decl":{"start":{"line":25,"column":4},"end":{"line":25,"column":16}},"loc":{"start":{"line":25,"column":101},"end":{"line":33,"column":5}}}},"branchMap":{},"s":{"0":3,"1":21,"2":21,"3":21,"4":21,"5":21,"6":21,"7":21,"8":3,"9":3},"f":{"0":3,"1":21},"b":{}}
,"C:\\Users\\Bostikpc\\repos\\rev-repos\\200406-java-react-usf\\Josef_Bostik_p0\\src\\repos\\user_repo.ts": {"path":"C:\\Users\\Bostikpc\\repos\\rev-repos\\200406-java-react-usf\\Josef_Bostik_p0\\src\\repos\\user_repo.ts","statementMap":{"0":{"start":{"line":3,"column":0},"end":{"line":3,"column":null}},"1":{"start":{"line":7,"column":0},"end":{"line":7,"column":36}},"2":{"start":{"line":8,"column":0},"end":{"line":8,"column":61}},"3":{"start":{"line":11,"column":16},"end":{"line":11,"column":null}},"4":{"start":{"line":29,"column":17},"end":{"line":29,"column":48}},"5":{"start":{"line":29,"column":8},"end":{"line":29,"column":48}},"6":{"start":{"line":30,"column":12},"end":{"line":30,"column":33}},"7":{"start":{"line":31,"column":17},"end":{"line":31,"column":null}},"8":{"start":{"line":31,"column":12},"end":{"line":31,"column":null}},"9":{"start":{"line":32,"column":8},"end":{"line":32,"column":45}},"10":{"start":{"line":34,"column":8},"end":{"line":34,"column":40}},"11":{"start":{"line":36,"column":8},"end":{"line":36,"column":35}},"12":{"start":{"line":25,"column":0},"end":{"line":25,"column":22}},"13":{"start":{"line":45,"column":17},"end":{"line":45,"column":48}},"14":{"start":{"line":45,"column":8},"end":{"line":45,"column":48}},"15":{"start":{"line":46,"column":12},"end":{"line":46,"column":50}},"16":{"start":{"line":47,"column":17},"end":{"line":47,"column":null}},"17":{"start":{"line":47,"column":12},"end":{"line":47,"column":null}},"18":{"start":{"line":48,"column":8},"end":{"line":48,"column":44}},"19":{"start":{"line":50,"column":8},"end":{"line":50,"column":40}},"20":{"start":{"line":52,"column":8},"end":{"line":52,"column":35}},"21":{"start":{"line":40,"column":0},"end":{"line":40,"column":22}},"22":{"start":{"line":63,"column":17},"end":{"line":63,"column":48}},"23":{"start":{"line":63,"column":8},"end":{"line":63,"column":48}},"24":{"start":{"line":64,"column":12},"end":{"line":64,"column":54}},"25":{"start":{"line":65,"column":17},"end":{"line":65,"column":null}},"26":{"start":{"line":65,"column":12},"end":{"line":65,"column":null}},"27":{"start":{"line":66,"column":8},"end":{"line":66,"column":44}},"28":{"start":{"line":68,"column":8},"end":{"line":68,"column":40}},"29":{"start":{"line":70,"column":8},"end":{"line":70,"column":35}},"30":{"start":{"line":58,"column":0},"end":{"line":58,"column":22}},"31":{"start":{"line":79,"column":17},"end":{"line":79,"column":48}},"32":{"start":{"line":79,"column":8},"end":{"line":79,"column":48}},"33":{"start":{"line":80,"column":12},"end":{"line":80,"column":77}},"34":{"start":{"line":81,"column":17},"end":{"line":81,"column":null}},"35":{"start":{"line":81,"column":12},"end":{"line":81,"column":null}},"36":{"start":{"line":82,"column":8},"end":{"line":82,"column":44}},"37":{"start":{"line":84,"column":8},"end":{"line":84,"column":40}},"38":{"start":{"line":86,"column":8},"end":{"line":86,"column":35}},"39":{"start":{"line":74,"column":0},"end":{"line":74,"column":22}},"40":{"start":{"line":95,"column":17},"end":{"line":95,"column":48}},"41":{"start":{"line":95,"column":8},"end":{"line":95,"column":48}},"42":{"start":{"line":98,"column":22},"end":{"line":98,"column":102}},"43":{"start":{"line":98,"column":12},"end":{"line":98,"column":null}},"44":{"start":{"line":100,"column":12},"end":{"line":103,"column":10}},"45":{"start":{"line":105,"column":17},"end":{"line":105,"column":null}},"46":{"start":{"line":105,"column":12},"end":{"line":105,"column":null}},"47":{"start":{"line":107,"column":8},"end":{"line":107,"column":35}},"48":{"start":{"line":109,"column":8},"end":{"line":109,"column":23}},"49":{"start":{"line":112,"column":8},"end":{"line":112,"column":23}},"50":{"start":{"line":113,"column":8},"end":{"line":113,"column":40}},"51":{"start":{"line":115,"column":8},"end":{"line":115,"column":35}},"52":{"start":{"line":90,"column":0},"end":{"line":90,"column":22}},"53":{"start":{"line":123,"column":17},"end":{"line":123,"column":48}},"54":{"start":{"line":123,"column":8},"end":{"line":123,"column":48}},"55":{"start":{"line":125,"column":22},"end":{"line":125,"column":106}},"56":{"start":{"line":125,"column":12},"end":{"line":125,"column":null}},"57":{"start":{"line":127,"column":12},"end":{"line":131,"column":10}},"58":{"start":{"line":132,"column":8},"end":{"line":132,"column":33}},"59":{"start":{"line":133,"column":8},"end":{"line":133,"column":166}},"60":{"start":{"line":135,"column":8},"end":{"line":135,"column":20}},"61":{"start":{"line":137,"column":8},"end":{"line":137,"column":40}},"62":{"start":{"line":139,"column":8},"end":{"line":139,"column":35}},"63":{"start":{"line":119,"column":0},"end":{"line":119,"column":22}},"64":{"start":{"line":148,"column":17},"end":{"line":148,"column":48}},"65":{"start":{"line":148,"column":8},"end":{"line":148,"column":48}},"66":{"start":{"line":149,"column":12},"end":{"line":151,"column":10}},"67":{"start":{"line":152,"column":8},"end":{"line":152,"column":38}},"68":{"start":{"line":153,"column":8},"end":{"line":153,"column":20}},"69":{"start":{"line":155,"column":8},"end":{"line":155,"column":40}},"70":{"start":{"line":157,"column":8},"end":{"line":157,"column":35}},"71":{"start":{"line":144,"column":0},"end":{"line":144,"column":22}}},"fnMap":{"0":{"name":"getAll","decl":{"start":{"line":25,"column":22},"end":{"line":25,"column":28}},"loc":{"start":{"line":25,"column":28},"end":{"line":38,"column":null}}},"1":{"name":"getById","decl":{"start":{"line":40,"column":22},"end":{"line":40,"column":29}},"loc":{"start":{"line":40,"column":40},"end":{"line":54,"column":null}}},"2":{"name":"getUserByUniqueKey","decl":{"start":{"line":58,"column":22},"end":{"line":58,"column":40}},"loc":{"start":{"line":58,"column":65},"end":{"line":72,"column":null}}},"3":{"name":"getUserByCredentials","decl":{"start":{"line":74,"column":22},"end":{"line":74,"column":42}},"loc":{"start":{"line":74,"column":65},"end":{"line":88,"column":null}}},"4":{"name":"save","decl":{"start":{"line":90,"column":22},"end":{"line":90,"column":26}},"loc":{"start":{"line":90,"column":40},"end":{"line":117,"column":null}}},"5":{"name":"update","decl":{"start":{"line":119,"column":22},"end":{"line":119,"column":28}},"loc":{"start":{"line":119,"column":46},"end":{"line":141,"column":null}}},"6":{"name":"deleteById","decl":{"start":{"line":144,"column":22},"end":{"line":144,"column":32}},"loc":{"start":{"line":144,"column":43},"end":{"line":159,"column":null}}}},"branchMap":{"0":{"loc":{"start":{"line":36,"column":8},"end":{"line":36,"column":14}},"type":"binary-expr","locations":[{"start":{"line":36,"column":8},"end":{"line":36,"column":14}},{"start":{"line":36,"column":18},"end":{"line":36,"column":34}}]},"1":{"loc":{"start":{"line":52,"column":8},"end":{"line":52,"column":14}},"type":"binary-expr","locations":[{"start":{"line":52,"column":8},"end":{"line":52,"column":14}},{"start":{"line":52,"column":18},"end":{"line":52,"column":34}}]},"2":{"loc":{"start":{"line":70,"column":8},"end":{"line":70,"column":14}},"type":"binary-expr","locations":[{"start":{"line":70,"column":8},"end":{"line":70,"column":14}},{"start":{"line":70,"column":18},"end":{"line":70,"column":34}}]},"3":{"loc":{"start":{"line":86,"column":8},"end":{"line":86,"column":14}},"type":"binary-expr","locations":[{"start":{"line":86,"column":8},"end":{"line":86,"column":14}},{"start":{"line":86,"column":18},"end":{"line":86,"column":34}}]},"4":{"loc":{"start":{"line":115,"column":8},"end":{"line":115,"column":14}},"type":"binary-expr","locations":[{"start":{"line":115,"column":8},"end":{"line":115,"column":14}},{"start":{"line":115,"column":18},"end":{"line":115,"column":34}}]},"5":{"loc":{"start":{"line":139,"column":8},"end":{"line":139,"column":14}},"type":"binary-expr","locations":[{"start":{"line":139,"column":8},"end":{"line":139,"column":14}},{"start":{"line":139,"column":18},"end":{"line":139,"column":34}}]},"6":{"loc":{"start":{"line":157,"column":8},"end":{"line":157,"column":14}},"type":"binary-expr","locations":[{"start":{"line":157,"column":8},"end":{"line":157,"column":14}},{"start":{"line":157,"column":18},"end":{"line":157,"column":34}}]}},"s":{"0":1,"1":1,"2":1,"3":1,"4":2,"5":2,"6":2,"7":2,"8":2,"9":2,"10":0,"11":2,"12":1,"13":1,"14":1,"15":1,"16":1,"17":1,"18":1,"19":0,"20":1,"21":1,"22":1,"23":1,"24":1,"25":1,"26":1,"27":1,"28":0,"29":1,"30":1,"31":1,"32":1,"33":1,"34":1,"35":1,"36":1,"37":0,"38":1,"39":1,"40":1,"41":1,"42":1,"43":1,"44":1,"45":1,"46":1,"47":1,"48":1,"49":0,"50":0,"51":1,"52":1,"53":1,"54":1,"55":1,"56":1,"57":1,"58":1,"59":2,"60":1,"61":0,"62":1,"63":1,"64":1,"65":1,"66":1,"67":2,"68":1,"69":0,"70":1,"71":1},"f":{"0":2,"1":1,"2":1,"3":1,"4":1,"5":1,"6":1},"b":{"0":[2,2],"1":[1,1],"2":[1,1],"3":[1,1],"4":[1,1],"5":[1,1],"6":[1,1]}}
,"C:\\Users\\Bostikpc\\repos\\rev-repos\\200406-java-react-usf\\Josef_Bostik_p0\\src\\services\\user_service.ts": {"path":"C:\\Users\\Bostikpc\\repos\\rev-repos\\200406-java-react-usf\\Josef_Bostik_p0\\src\\services\\user_service.ts","statementMap":{"0":{"start":{"line":5,"column":0},"end":{"line":5,"column":38}},"1":{"start":{"line":6,"column":0},"end":{"line":6,"column":47}},"2":{"start":{"line":7,"column":0},"end":{"line":7,"column":106}},"3":{"start":{"line":8,"column":0},"end":{"line":8,"column":null}},"4":{"start":{"line":16,"column":0},"end":{"line":16,"column":38}},"5":{"start":{"line":26,"column":16},"end":{"line":26,"column":null}},"6":{"start":{"line":26,"column":8},"end":{"line":26,"column":null}},"7":{"start":{"line":28,"column":4},"end":{"line":30,"column":null}},"8":{"start":{"line":29,"column":8},"end":{"line":29,"column":42}},"9":{"start":{"line":32,"column":4},"end":{"line":32,"column":37}},"10":{"start":{"line":23,"column":0},"end":{"line":23,"column":22}},"11":{"start":{"line":44,"column":4},"end":{"line":46,"column":null}},"12":{"start":{"line":45,"column":8},"end":{"line":45,"column":36}},"13":{"start":{"line":48,"column":15},"end":{"line":48,"column":null}},"14":{"start":{"line":48,"column":8},"end":{"line":48,"column":null}},"15":{"start":{"line":50,"column":4},"end":{"line":52,"column":null}},"16":{"start":{"line":51,"column":8},"end":{"line":51,"column":42}},"17":{"start":{"line":54,"column":4},"end":{"line":54,"column":32}},"18":{"start":{"line":40,"column":0},"end":{"line":40,"column":22}},"19":{"start":{"line":67,"column":12},"end":{"line":67,"column":46}},"20":{"start":{"line":69,"column":8},"end":{"line":71,"column":null}},"21":{"start":{"line":69,"column":35},"end":{"line":69,"column":59}},"22":{"start":{"line":70,"column":12},"end":{"line":70,"column":40}},"23":{"start":{"line":74,"column":12},"end":{"line":74,"column":31}},"24":{"start":{"line":75,"column":12},"end":{"line":75,"column":32}},"25":{"start":{"line":78,"column":12},"end":{"line":78,"column":15}},"26":{"start":{"line":79,"column":19},"end":{"line":79,"column":48}},"27":{"start":{"line":79,"column":12},"end":{"line":79,"column":48}},"28":{"start":{"line":83,"column":8},"end":{"line":85,"column":null}},"29":{"start":{"line":84,"column":12},"end":{"line":84,"column":40}},"30":{"start":{"line":87,"column":19},"end":{"line":87,"column":null}},"31":{"start":{"line":87,"column":12},"end":{"line":87,"column":null}},"32":{"start":{"line":89,"column":8},"end":{"line":91,"column":null}},"33":{"start":{"line":90,"column":12},"end":{"line":90,"column":46}},"34":{"start":{"line":93,"column":8},"end":{"line":93,"column":36}},"35":{"start":{"line":96,"column":8},"end":{"line":96,"column":16}},"36":{"start":{"line":63,"column":0},"end":{"line":63,"column":22}},"37":{"start":{"line":108,"column":25},"end":{"line":108,"column":69}},"38":{"start":{"line":108,"column":14},"end":{"line":108,"column":null}},"39":{"start":{"line":109,"column":8},"end":{"line":109,"column":20}},"40":{"start":{"line":111,"column":8},"end":{"line":111,"column":17}},"41":{"start":{"line":104,"column":0},"end":{"line":104,"column":22}},"42":{"start":{"line":125,"column":8},"end":{"line":127,"column":null}},"43":{"start":{"line":126,"column":12},"end":{"line":126,"column":40}},"44":{"start":{"line":129,"column":12},"end":{"line":129,"column":27}},"45":{"start":{"line":131,"column":19},"end":{"line":131,"column":63}},"46":{"start":{"line":131,"column":8},"end":{"line":131,"column":63}},"47":{"start":{"line":133,"column":8},"end":{"line":135,"column":null}},"48":{"start":{"line":134,"column":12},"end":{"line":134,"column":71}},"49":{"start":{"line":137,"column":8},"end":{"line":137,"column":40}},"50":{"start":{"line":140,"column":8},"end":{"line":140,"column":16}},"51":{"start":{"line":120,"column":0},"end":{"line":120,"column":22}},"52":{"start":{"line":154,"column":8},"end":{"line":156,"column":null}},"53":{"start":{"line":155,"column":12},"end":{"line":155,"column":89}},"54":{"start":{"line":158,"column":32},"end":{"line":158,"column":null}},"55":{"start":{"line":158,"column":12},"end":{"line":158,"column":null}},"56":{"start":{"line":160,"column":8},"end":{"line":162,"column":null}},"57":{"start":{"line":161,"column":12},"end":{"line":161,"column":90}},"58":{"start":{"line":164,"column":29},"end":{"line":164,"column":null}},"59":{"start":{"line":164,"column":12},"end":{"line":164,"column":null}},"60":{"start":{"line":166,"column":8},"end":{"line":168,"column":null}},"61":{"start":{"line":167,"column":12},"end":{"line":167,"column":88}},"62":{"start":{"line":170,"column":8},"end":{"line":170,"column":40}},"63":{"start":{"line":171,"column":30},"end":{"line":171,"column":null}},"64":{"start":{"line":171,"column":14},"end":{"line":171,"column":null}},"65":{"start":{"line":173,"column":8},"end":{"line":173,"column":45}},"66":{"start":{"line":176,"column":8},"end":{"line":176,"column":null}},"67":{"start":{"line":149,"column":0},"end":{"line":149,"column":22}},"68":{"start":{"line":188,"column":8},"end":{"line":190,"column":null}},"69":{"start":{"line":189,"column":12},"end":{"line":189,"column":89}},"70":{"start":{"line":192,"column":32},"end":{"line":192,"column":null}},"71":{"start":{"line":192,"column":12},"end":{"line":192,"column":null}},"72":{"start":{"line":194,"column":8},"end":{"line":196,"column":null}},"73":{"start":{"line":195,"column":12},"end":{"line":195,"column":90}},"74":{"start":{"line":198,"column":29},"end":{"line":198,"column":null}},"75":{"start":{"line":198,"column":12},"end":{"line":198,"column":null}},"76":{"start":{"line":200,"column":8},"end":{"line":202,"column":null}},"77":{"start":{"line":201,"column":12},"end":{"line":201,"column":88}},"78":{"start":{"line":206,"column":8},"end":{"line":206,"column":28}},"79":{"start":{"line":207,"column":8},"end":{"line":207,"column":44}},"80":{"start":{"line":209,"column":15},"end":{"line":209,"column":50}},"81":{"start":{"line":209,"column":8},"end":{"line":209,"column":50}},"82":{"start":{"line":212,"column":8},"end":{"line":212,"column":16}},"83":{"start":{"line":184,"column":0},"end":{"line":184,"column":22}},"84":{"start":{"line":224,"column":8},"end":{"line":226,"column":null}},"85":{"start":{"line":225,"column":12},"end":{"line":225,"column":40}},"86":{"start":{"line":228,"column":15},"end":{"line":228,"column":45}},"87":{"start":{"line":228,"column":8},"end":{"line":228,"column":45}},"88":{"start":{"line":230,"column":8},"end":{"line":230,"column":16}},"89":{"start":{"line":220,"column":0},"end":{"line":220,"column":22}},"90":{"start":{"line":241,"column":19},"end":{"line":241,"column":68}},"91":{"start":{"line":241,"column":12},"end":{"line":241,"column":75}},"92":{"start":{"line":241,"column":8},"end":{"line":243,"column":null}},"93":{"start":{"line":242,"column":12},"end":{"line":242,"column":24}},"94":{"start":{"line":245,"column":8},"end":{"line":245,"column":45}},"95":{"start":{"line":246,"column":8},"end":{"line":246,"column":20}},"96":{"start":{"line":249,"column":4},"end":{"line":249,"column":43}},"97":{"start":{"line":250,"column":4},"end":{"line":250,"column":17}},"98":{"start":{"line":261,"column":19},"end":{"line":261,"column":62}},"99":{"start":{"line":261,"column":12},"end":{"line":261,"column":69}},"100":{"start":{"line":261,"column":8},"end":{"line":264,"column":null}},"101":{"start":{"line":262,"column":12},"end":{"line":262,"column":39}},"102":{"start":{"line":263,"column":12},"end":{"line":263,"column":24}},"103":{"start":{"line":266,"column":8},"end":{"line":266,"column":42}},"104":{"start":{"line":267,"column":8},"end":{"line":267,"column":20}},"105":{"start":{"line":270,"column":4},"end":{"line":270,"column":40}},"106":{"start":{"line":271,"column":4},"end":{"line":271,"column":17}},"107":{"start":{"line":278,"column":4},"end":{"line":278,"column":44}},"108":{"start":{"line":278,"column":32},"end":{"line":278,"column":44}},"109":{"start":{"line":279,"column":11},"end":{"line":279,"column":23}},"110":{"start":{"line":280,"column":4},"end":{"line":280,"column":24}},"111":{"start":{"line":281,"column":4},"end":{"line":281,"column":15}}},"fnMap":{"0":{"name":"getAllUsers","decl":{"start":{"line":23,"column":22},"end":{"line":23,"column":33}},"loc":{"start":{"line":23,"column":33},"end":{"line":35,"column":null}}},"1":{"name":"getUserById","decl":{"start":{"line":40,"column":22},"end":{"line":40,"column":33}},"loc":{"start":{"line":40,"column":44},"end":{"line":57,"column":null}}},"2":{"name":"getUserByUniqueKey","decl":{"start":{"line":63,"column":22},"end":{"line":63,"column":40}},"loc":{"start":{"line":63,"column":54},"end":{"line":99,"column":null}}},"3":{"name":"(anonymous_25)","decl":{"start":{"line":69,"column":28},"end":{"line":69,"column":31}},"loc":{"start":{"line":69,"column":31},"end":{"line":69,"column":47}}},"4":{"name":"getUserByCredentials","decl":{"start":{"line":104,"column":22},"end":{"line":104,"column":42}},"loc":{"start":{"line":104,"column":65},"end":{"line":114,"column":null}}},"5":{"name":"authenticateUser","decl":{"start":{"line":120,"column":22},"end":{"line":120,"column":38}},"loc":{"start":{"line":120,"column":61},"end":{"line":144,"column":null}}},"6":{"name":"addNewUser","decl":{"start":{"line":149,"column":22},"end":{"line":149,"column":32}},"loc":{"start":{"line":149,"column":46},"end":{"line":178,"column":null}}},"7":{"name":"updateUser","decl":{"start":{"line":184,"column":22},"end":{"line":184,"column":32}},"loc":{"start":{"line":184,"column":62},"end":{"line":215,"column":null}}},"8":{"name":"deleteById","decl":{"start":{"line":220,"column":22},"end":{"line":220,"column":32}},"loc":{"start":{"line":220,"column":43},"end":{"line":232,"column":null}}},"9":{"name":"isUsernameAvailable","decl":{"start":{"line":238,"column":15},"end":{"line":238,"column":34}},"loc":{"start":{"line":238,"column":64},"end":{"line":252,"column":null}}},"10":{"name":"isEmailAvailable","decl":{"start":{"line":258,"column":15},"end":{"line":258,"column":31}},"loc":{"start":{"line":258,"column":58},"end":{"line":272,"column":null}}},"11":{"name":"removePassword","decl":{"start":{"line":277,"column":9},"end":{"line":277,"column":23}},"loc":{"start":{"line":277,"column":34},"end":{"line":282,"column":1}}}},"branchMap":{"0":{"loc":{"start":{"line":26,"column":16},"end":{"line":26,"column":null}},"type":"switch","locations":[{"start":{"line":26,"column":16},"end":{"line":26,"column":null}}]},"1":{"loc":{"start":{"line":28,"column":4},"end":{"line":30,"column":null}},"type":"if","locations":[{"start":{"line":28,"column":4},"end":{"line":30,"column":null}},{"start":{"line":28,"column":4},"end":{"line":30,"column":null}}]},"2":{"loc":{"start":{"line":44,"column":4},"end":{"line":46,"column":null}},"type":"if","locations":[{"start":{"line":44,"column":4},"end":{"line":46,"column":null}},{"start":{"line":44,"column":4},"end":{"line":46,"column":null}}]},"3":{"loc":{"start":{"line":50,"column":4},"end":{"line":52,"column":null}},"type":"if","locations":[{"start":{"line":50,"column":4},"end":{"line":52,"column":null}},{"start":{"line":50,"column":4},"end":{"line":52,"column":null}}]},"4":{"loc":{"start":{"line":79,"column":12},"end":{"line":79,"column":48}},"type":"switch","locations":[{"start":{"line":79,"column":12},"end":{"line":79,"column":48}}]},"5":{"loc":{"start":{"line":69,"column":8},"end":{"line":71,"column":null}},"type":"if","locations":[{"start":{"line":69,"column":8},"end":{"line":71,"column":null}},{"start":{"line":69,"column":8},"end":{"line":71,"column":null}}]},"6":{"loc":{"start":{"line":78,"column":12},"end":{"line":78,"column":15}},"type":"if","locations":[{"start":{"line":78,"column":12},"end":{"line":78,"column":15}},{"start":{"line":78,"column":12},"end":{"line":78,"column":15}}]},"7":{"loc":{"start":{"line":83,"column":8},"end":{"line":85,"column":null}},"type":"if","locations":[{"start":{"line":83,"column":8},"end":{"line":85,"column":null}},{"start":{"line":83,"column":8},"end":{"line":85,"column":null}}]},"8":{"loc":{"start":{"line":89,"column":8},"end":{"line":91,"column":null}},"type":"if","locations":[{"start":{"line":89,"column":8},"end":{"line":91,"column":null}},{"start":{"line":89,"column":8},"end":{"line":91,"column":null}}]},"9":{"loc":{"start":{"line":125,"column":8},"end":{"line":127,"column":null}},"type":"if","locations":[{"start":{"line":125,"column":8},"end":{"line":127,"column":null}},{"start":{"line":125,"column":8},"end":{"line":127,"column":null}}]},"10":{"loc":{"start":{"line":133,"column":8},"end":{"line":135,"column":null}},"type":"if","locations":[{"start":{"line":133,"column":8},"end":{"line":135,"column":null}},{"start":{"line":133,"column":8},"end":{"line":135,"column":null}}]},"11":{"loc":{"start":{"line":154,"column":8},"end":{"line":156,"column":null}},"type":"if","locations":[{"start":{"line":154,"column":8},"end":{"line":156,"column":null}},{"start":{"line":154,"column":8},"end":{"line":156,"column":null}}]},"12":{"loc":{"start":{"line":160,"column":8},"end":{"line":162,"column":null}},"type":"if","locations":[{"start":{"line":160,"column":8},"end":{"line":162,"column":null}},{"start":{"line":160,"column":8},"end":{"line":162,"column":null}}]},"13":{"loc":{"start":{"line":166,"column":8},"end":{"line":168,"column":null}},"type":"if","locations":[{"start":{"line":166,"column":8},"end":{"line":168,"column":null}},{"start":{"line":166,"column":8},"end":{"line":168,"column":null}}]},"14":{"loc":{"start":{"line":207,"column":45},"end":{"line":209,"column":50}},"type":"switch","locations":[{"start":{"line":207,"column":45},"end":{"line":209,"column":50}}]},"15":{"loc":{"start":{"line":188,"column":8},"end":{"line":190,"column":null}},"type":"if","locations":[{"start":{"line":188,"column":8},"end":{"line":190,"column":null}},{"start":{"line":188,"column":8},"end":{"line":190,"column":null}}]},"16":{"loc":{"start":{"line":194,"column":8},"end":{"line":196,"column":null}},"type":"if","locations":[{"start":{"line":194,"column":8},"end":{"line":196,"column":null}},{"start":{"line":194,"column":8},"end":{"line":196,"column":null}}]},"17":{"loc":{"start":{"line":200,"column":8},"end":{"line":202,"column":null}},"type":"if","locations":[{"start":{"line":200,"column":8},"end":{"line":202,"column":null}},{"start":{"line":200,"column":8},"end":{"line":202,"column":null}}]},"18":{"loc":{"start":{"line":228,"column":8},"end":{"line":228,"column":45}},"type":"switch","locations":[{"start":{"line":228,"column":8},"end":{"line":228,"column":45}}]},"19":{"loc":{"start":{"line":224,"column":8},"end":{"line":226,"column":null}},"type":"if","locations":[{"start":{"line":224,"column":8},"end":{"line":226,"column":null}},{"start":{"line":224,"column":8},"end":{"line":226,"column":null}}]},"20":{"loc":{"start":{"line":241,"column":12},"end":{"line":241,"column":75}},"type":"switch","locations":[{"start":{"line":241,"column":12},"end":{"line":241,"column":75}}]},"21":{"loc":{"start":{"line":241,"column":8},"end":{"line":243,"column":null}},"type":"if","locations":[{"start":{"line":241,"column":8},"end":{"line":243,"column":null}},{"start":{"line":241,"column":8},"end":{"line":243,"column":null}}]},"22":{"loc":{"start":{"line":261,"column":12},"end":{"line":261,"column":69}},"type":"switch","locations":[{"start":{"line":261,"column":12},"end":{"line":261,"column":69}}]},"23":{"loc":{"start":{"line":261,"column":8},"end":{"line":264,"column":null}},"type":"if","locations":[{"start":{"line":261,"column":8},"end":{"line":264,"column":null}},{"start":{"line":261,"column":8},"end":{"line":264,"column":null}}]},"24":{"loc":{"start":{"line":278,"column":4},"end":{"line":278,"column":44}},"type":"if","locations":[{"start":{"line":278,"column":4},"end":{"line":278,"column":44}},{"start":{"line":278,"column":4},"end":{"line":278,"column":44}}]},"25":{"loc":{"start":{"line":278,"column":7},"end":{"line":278,"column":12}},"type":"binary-expr","locations":[{"start":{"line":278,"column":7},"end":{"line":278,"column":12}},{"start":{"line":278,"column":16},"end":{"line":278,"column":30}}]}},"s":{"0":1,"1":1,"2":1,"3":1,"4":1,"5":2,"6":2,"7":2,"8":1,"9":1,"10":1,"11":6,"12":4,"13":2,"14":2,"15":2,"16":1,"17":1,"18":1,"19":4,"20":4,"21":4,"22":0,"23":4,"24":4,"25":5,"26":3,"27":3,"28":1,"29":0,"30":1,"31":1,"32":1,"33":0,"34":1,"35":2,"36":1,"37":0,"38":0,"39":0,"40":0,"41":1,"42":0,"43":0,"44":0,"45":0,"46":0,"47":0,"48":0,"49":0,"50":0,"51":1,"52":0,"53":0,"54":0,"55":0,"56":0,"57":0,"58":0,"59":0,"60":0,"61":0,"62":0,"63":0,"64":0,"65":0,"66":0,"67":1,"68":0,"69":0,"70":0,"71":0,"72":0,"73":0,"74":0,"75":0,"76":0,"77":0,"78":0,"79":0,"80":0,"81":0,"82":0,"83":1,"84":0,"85":0,"86":0,"87":0,"88":0,"89":1,"90":0,"91":0,"92":0,"93":0,"94":0,"95":0,"96":0,"97":0,"98":0,"99":0,"100":0,"101":0,"102":0,"103":0,"104":0,"105":0,"106":0,"107":7,"108":1,"109":6,"110":6,"111":6},"f":{"0":2,"1":6,"2":4,"3":4,"4":0,"5":0,"6":0,"7":0,"8":0,"9":0,"10":0,"11":7},"b":{"0":[2],"1":[1,1],"2":[4,2],"3":[1,1],"4":[3],"5":[0,4],"6":[1,3],"7":[0,1],"8":[0,1],"9":[0,0],"10":[0,0],"11":[0,0],"12":[0,0],"13":[0,0],"14":[0],"15":[0,0],"16":[0,0],"17":[0,0],"18":[0],"19":[0,0],"20":[0],"21":[0,0],"22":[0],"23":[0,0],"24":[1,6],"25":[7,7]}}
,"C:\\Users\\Bostikpc\\repos\\rev-repos\\200406-java-react-usf\\Josef_Bostik_p0\\src\\util\\validator.ts": {"path":"C:\\Users\\Bostikpc\\repos\\rev-repos\\200406-java-react-usf\\Josef_Bostik_p0\\src\\util\\validator.ts","statementMap":{"0":{"start":{"line":4,"column":13},"end":{"line":6,"column":2}},"1":{"start":{"line":5,"column":4},"end":{"line":5,"column":78}},"2":{"start":{"line":10,"column":13},"end":{"line":12,"column":2}},"3":{"start":{"line":10,"column":31},"end":{"line":10,"column":48}},"4":{"start":{"line":11,"column":4},"end":{"line":11,"column":77}},"5":{"start":{"line":11,"column":31},"end":{"line":11,"column":63}},"6":{"start":{"line":19,"column":13},"end":{"line":24,"column":2}},"7":{"start":{"line":19,"column":43},"end":{"line":19,"column":69}},"8":{"start":{"line":20,"column":4},"end":{"line":23,"column":7}},"9":{"start":{"line":21,"column":8},"end":{"line":21,"column":53}},"10":{"start":{"line":21,"column":41},"end":{"line":21,"column":53}},"11":{"start":{"line":22,"column":8},"end":{"line":22,"column":24}},"12":{"start":{"line":31,"column":13},"end":{"line":50,"column":null}},"13":{"start":{"line":33,"column":4},"end":{"line":35,"column":null}},"14":{"start":{"line":34,"column":8},"end":{"line":34,"column":21}},"15":{"start":{"line":37,"column":22},"end":{"line":39,"column":5}},"16":{"start":{"line":38,"column":8},"end":{"line":38,"column":26}},"17":{"start":{"line":42,"column":4},"end":{"line":46,"column":null}},"18":{"start":{"line":43,"column":8},"end":{"line":43,"column":41}},"19":{"start":{"line":45,"column":8},"end":{"line":45,"column":21}},"20":{"start":{"line":48,"column":4},"end":{"line":48,"column":52}},"21":{"start":{"line":56,"column":13},"end":{"line":59,"column":null}},"22":{"start":{"line":57,"column":4},"end":{"line":57,"column":26}},"23":{"start":{"line":57,"column":14},"end":{"line":57,"column":26}},"24":{"start":{"line":58,"column":4},"end":{"line":58,"column":41}},"25":{"start":{"line":62,"column":0},"end":{"line":68,"column":2}}},"fnMap":{"0":{"name":"(anonymous_0)","decl":{"start":{"line":4,"column":25},"end":{"line":4,"column":26}},"loc":{"start":{"line":4,"column":36},"end":{"line":6,"column":1}}},"1":{"name":"(anonymous_1)","decl":{"start":{"line":10,"column":30},"end":{"line":10,"column":31}},"loc":{"start":{"line":10,"column":30},"end":{"line":12,"column":1}}},"2":{"name":"(anonymous_2)","decl":{"start":{"line":11,"column":24},"end":{"line":11,"column":27}},"loc":{"start":{"line":11,"column":27},"end":{"line":11,"column":32}}},"3":{"name":"(anonymous_3)","decl":{"start":{"line":19,"column":29},"end":{"line":19,"column":30}},"loc":{"start":{"line":19,"column":41},"end":{"line":24,"column":1}}},"4":{"name":"(anonymous_4)","decl":{"start":{"line":20,"column":41},"end":{"line":20,"column":44}},"loc":{"start":{"line":20,"column":44},"end":{"line":23,"column":5}}},"5":{"name":"(anonymous_5)","decl":{"start":{"line":31,"column":28},"end":{"line":31,"column":29}},"loc":{"start":{"line":31,"column":52},"end":{"line":50,"column":1}}},"6":{"name":"(anonymous_6)","decl":{"start":{"line":37,"column":22},"end":{"line":37,"column":26}},"loc":{"start":{"line":37,"column":45},"end":{"line":39,"column":5}}},"7":{"name":"(anonymous_7)","decl":{"start":{"line":56,"column":29},"end":{"line":56,"column":30}},"loc":{"start":{"line":56,"column":38},"end":{"line":59,"column":1}}}},"branchMap":{"0":{"loc":{"start":{"line":5,"column":14},"end":{"line":5,"column":16}},"type":"binary-expr","locations":[{"start":{"line":5,"column":14},"end":{"line":5,"column":16}},{"start":{"line":5,"column":20},"end":{"line":5,"column":42}},{"start":{"line":5,"column":46},"end":{"line":5,"column":66}},{"start":{"line":5,"column":70},"end":{"line":5,"column":76}}]},"1":{"loc":{"start":{"line":11,"column":31},"end":{"line":11,"column":35}},"type":"binary-expr","locations":[{"start":{"line":11,"column":31},"end":{"line":11,"column":35}},{"start":{"line":11,"column":39},"end":{"line":11,"column":62}}]},"2":{"loc":{"start":{"line":20,"column":11},"end":{"line":20,"column":14}},"type":"binary-expr","locations":[{"start":{"line":20,"column":11},"end":{"line":20,"column":14}},{"start":{"line":20,"column":18},"end":{"line":23,"column":6}}]},"3":{"loc":{"start":{"line":21,"column":8},"end":{"line":21,"column":53}},"type":"if","locations":[{"start":{"line":21,"column":8},"end":{"line":21,"column":53}},{"start":{"line":21,"column":8},"end":{"line":21,"column":53}}]},"4":{"loc":{"start":{"line":33,"column":4},"end":{"line":35,"column":null}},"type":"if","locations":[{"start":{"line":33,"column":4},"end":{"line":35,"column":null}},{"start":{"line":33,"column":4},"end":{"line":35,"column":null}}]},"5":{"loc":{"start":{"line":33,"column":8},"end":{"line":33,"column":13}},"type":"binary-expr","locations":[{"start":{"line":33,"column":8},"end":{"line":33,"column":13}},{"start":{"line":33,"column":17},"end":{"line":33,"column":22}}]},"6":{"loc":{"start":{"line":57,"column":4},"end":{"line":57,"column":26}},"type":"if","locations":[{"start":{"line":57,"column":4},"end":{"line":57,"column":26}},{"start":{"line":57,"column":4},"end":{"line":57,"column":26}}]}},"s":{"0":1,"1":12,"2":1,"3":24,"4":6,"5":12,"6":1,"7":10,"8":4,"9":22,"10":2,"11":20,"12":1,"13":8,"14":1,"15":7,"16":7,"17":7,"18":7,"19":3,"20":4,"21":1,"22":10,"23":6,"24":4,"25":1},"f":{"0":12,"1":6,"2":12,"3":4,"4":22,"5":8,"6":7,"7":10},"b":{"0":[12,8,8,5],"1":[12,9],"2":[4,4],"3":[2,20],"4":[1,7],"5":[8,8],"6":[6,4]}}
}
