{"C:\\Users\\Bostikpc\\repos\\rev-repos\\200406-java-react-usf\\Josef_Bostik_p0\\build\\config\\app.js": {"path":"C:\\Users\\Bostikpc\\repos\\rev-repos\\200406-java-react-usf\\Josef_Bostik_p0\\build\\config\\app.js","statementMap":{"0":{"start":{"line":2,"column":0},"end":{"line":2,"column":62}},"1":{"start":{"line":3,"column":18},"end":{"line":3,"column":47}},"2":{"start":{"line":4,"column":21},"end":{"line":4,"column":56}},"3":{"start":{"line":5,"column":34},"end":{"line":14,"column":3}},"4":{"start":{"line":8,"column":4},"end":{"line":12,"column":6}},"5":{"start":{"line":9,"column":23},"end":{"line":9,"column":55}},"6":{"start":{"line":10,"column":26},"end":{"line":10,"column":66}},"7":{"start":{"line":11,"column":8},"end":{"line":11,"column":27}},"8":{"start":{"line":13,"column":4},"end":{"line":13,"column":24}},"9":{"start":{"line":15,"column":0},"end":{"line":15,"column":36}}},"fnMap":{"0":{"name":"(anonymous_0)","decl":{"start":{"line":5,"column":34},"end":{"line":5,"column":35}},"loc":{"start":{"line":5,"column":46},"end":{"line":14,"column":1}},"line":5},"1":{"name":"UserInstance","decl":{"start":{"line":6,"column":13},"end":{"line":6,"column":25}},"loc":{"start":{"line":6,"column":28},"end":{"line":7,"column":5}},"line":6},"2":{"name":"(anonymous_2)","decl":{"start":{"line":8,"column":41},"end":{"line":8,"column":42}},"loc":{"start":{"line":8,"column":53},"end":{"line":12,"column":5}},"line":8}},"branchMap":{},"s":{"0":1,"1":1,"2":1,"3":1,"4":1,"5":34,"6":34,"7":34,"8":1,"9":1},"f":{"0":1,"1":1,"2":34},"b":{},"_coverageSchema":"1a1c01bbd47fc00a2c39e90264f33305004495a9","hash":"e509bc43a987bb90e5c95a61992b9b9d0b917345"}
,"C:\\Users\\Bostikpc\\repos\\rev-repos\\200406-java-react-usf\\Josef_Bostik_p0\\build\\data\\user_db.js": {"path":"C:\\Users\\Bostikpc\\repos\\rev-repos\\200406-java-react-usf\\Josef_Bostik_p0\\build\\data\\user_db.js","statementMap":{"0":{"start":{"line":2,"column":0},"end":{"line":2,"column":62}},"1":{"start":{"line":3,"column":13},"end":{"line":3,"column":38}},"2":{"start":{"line":4,"column":9},"end":{"line":4,"column":10}},"3":{"start":{"line":5,"column":0},"end":{"line":11,"column":2}}},"fnMap":{},"branchMap":{},"s":{"0":1,"1":1,"2":1,"3":1},"f":{},"b":{},"_coverageSchema":"1a1c01bbd47fc00a2c39e90264f33305004495a9","hash":"950cd8620d1a0d3784a89d9a278e9c6f560fbe79"}
,"C:\\Users\\Bostikpc\\repos\\rev-repos\\200406-java-react-usf\\Josef_Bostik_p0\\build\\errors\\errors.js": {"path":"C:\\Users\\Bostikpc\\repos\\rev-repos\\200406-java-react-usf\\Josef_Bostik_p0\\build\\errors\\errors.js","statementMap":{"0":{"start":{"line":2,"column":16},"end":{"line":14,"column":4}},"1":{"start":{"line":3,"column":24},"end":{"line":8,"column":5}},"2":{"start":{"line":4,"column":8},"end":{"line":6,"column":87}},"3":{"start":{"line":5,"column":69},"end":{"line":5,"column":85}},"4":{"start":{"line":6,"column":30},"end":{"line":6,"column":84}},"5":{"start":{"line":6,"column":47},"end":{"line":6,"column":84}},"6":{"start":{"line":6,"column":72},"end":{"line":6,"column":84}},"7":{"start":{"line":7,"column":8},"end":{"line":7,"column":35}},"8":{"start":{"line":9,"column":4},"end":{"line":13,"column":6}},"9":{"start":{"line":10,"column":8},"end":{"line":10,"column":28}},"10":{"start":{"line":11,"column":24},"end":{"line":11,"column":45}},"11":{"start":{"line":12,"column":8},"end":{"line":12,"column":93}},"12":{"start":{"line":15,"column":0},"end":{"line":15,"column":62}},"13":{"start":{"line":16,"column":38},"end":{"line":25,"column":3}},"14":{"start":{"line":18,"column":8},"end":{"line":18,"column":55}},"15":{"start":{"line":19,"column":8},"end":{"line":19,"column":72}},"16":{"start":{"line":21,"column":4},"end":{"line":23,"column":6}},"17":{"start":{"line":22,"column":8},"end":{"line":22,"column":27}},"18":{"start":{"line":24,"column":4},"end":{"line":24,"column":28}},"19":{"start":{"line":26,"column":46},"end":{"line":34,"column":19}},"20":{"start":{"line":27,"column":4},"end":{"line":27,"column":48}},"21":{"start":{"line":29,"column":20},"end":{"line":29,"column":53}},"22":{"start":{"line":30,"column":8},"end":{"line":30,"column":83}},"23":{"start":{"line":31,"column":8},"end":{"line":31,"column":21}},"24":{"start":{"line":33,"column":4},"end":{"line":33,"column":36}},"25":{"start":{"line":35,"column":0},"end":{"line":35,"column":60}},"26":{"start":{"line":36,"column":43},"end":{"line":44,"column":19}},"27":{"start":{"line":37,"column":4},"end":{"line":37,"column":45}},"28":{"start":{"line":39,"column":20},"end":{"line":39,"column":50}},"29":{"start":{"line":40,"column":8},"end":{"line":40,"column":94}},"30":{"start":{"line":41,"column":8},"end":{"line":41,"column":21}},"31":{"start":{"line":43,"column":4},"end":{"line":43,"column":33}},"32":{"start":{"line":45,"column":0},"end":{"line":45,"column":54}},"33":{"start":{"line":46,"column":37},"end":{"line":54,"column":19}},"34":{"start":{"line":47,"column":4},"end":{"line":47,"column":39}},"35":{"start":{"line":49,"column":20},"end":{"line":49,"column":53}},"36":{"start":{"line":50,"column":8},"end":{"line":50,"column":80}},"37":{"start":{"line":51,"column":8},"end":{"line":51,"column":21}},"38":{"start":{"line":53,"column":4},"end":{"line":53,"column":27}},"39":{"start":{"line":55,"column":0},"end":{"line":55,"column":42}},"40":{"start":{"line":56,"column":41},"end":{"line":64,"column":19}},"41":{"start":{"line":57,"column":4},"end":{"line":57,"column":43}},"42":{"start":{"line":59,"column":20},"end":{"line":59,"column":53}},"43":{"start":{"line":60,"column":8},"end":{"line":60,"column":74}},"44":{"start":{"line":61,"column":8},"end":{"line":61,"column":21}},"45":{"start":{"line":63,"column":4},"end":{"line":63,"column":31}},"46":{"start":{"line":65,"column":0},"end":{"line":65,"column":50}},"47":{"start":{"line":66,"column":41},"end":{"line":74,"column":19}},"48":{"start":{"line":67,"column":4},"end":{"line":67,"column":43}},"49":{"start":{"line":69,"column":20},"end":{"line":69,"column":53}},"50":{"start":{"line":70,"column":8},"end":{"line":70,"column":74}},"51":{"start":{"line":71,"column":8},"end":{"line":71,"column":21}},"52":{"start":{"line":73,"column":4},"end":{"line":73,"column":31}},"53":{"start":{"line":75,"column":0},"end":{"line":75,"column":50}}},"fnMap":{"0":{"name":"(anonymous_0)","decl":{"start":{"line":2,"column":45},"end":{"line":2,"column":46}},"loc":{"start":{"line":2,"column":57},"end":{"line":14,"column":1}},"line":2},"1":{"name":"(anonymous_1)","decl":{"start":{"line":3,"column":24},"end":{"line":3,"column":25}},"loc":{"start":{"line":3,"column":40},"end":{"line":8,"column":5}},"line":3},"2":{"name":"(anonymous_2)","decl":{"start":{"line":5,"column":51},"end":{"line":5,"column":52}},"loc":{"start":{"line":5,"column":67},"end":{"line":5,"column":87}},"line":5},"3":{"name":"(anonymous_3)","decl":{"start":{"line":6,"column":12},"end":{"line":6,"column":13}},"loc":{"start":{"line":6,"column":28},"end":{"line":6,"column":86}},"line":6},"4":{"name":"(anonymous_4)","decl":{"start":{"line":9,"column":11},"end":{"line":9,"column":12}},"loc":{"start":{"line":9,"column":27},"end":{"line":13,"column":5}},"line":9},"5":{"name":"__","decl":{"start":{"line":11,"column":17},"end":{"line":11,"column":19}},"loc":{"start":{"line":11,"column":22},"end":{"line":11,"column":47}},"line":11},"6":{"name":"(anonymous_6)","decl":{"start":{"line":16,"column":38},"end":{"line":16,"column":39}},"loc":{"start":{"line":16,"column":50},"end":{"line":25,"column":1}},"line":16},"7":{"name":"ApplicationError","decl":{"start":{"line":17,"column":13},"end":{"line":17,"column":29}},"loc":{"start":{"line":17,"column":35},"end":{"line":20,"column":5}},"line":17},"8":{"name":"(anonymous_8)","decl":{"start":{"line":21,"column":44},"end":{"line":21,"column":45}},"loc":{"start":{"line":21,"column":59},"end":{"line":23,"column":5}},"line":21},"9":{"name":"(anonymous_9)","decl":{"start":{"line":26,"column":46},"end":{"line":26,"column":47}},"loc":{"start":{"line":26,"column":64},"end":{"line":34,"column":1}},"line":26},"10":{"name":"ResourcePersistenceError","decl":{"start":{"line":28,"column":13},"end":{"line":28,"column":37}},"loc":{"start":{"line":28,"column":46},"end":{"line":32,"column":5}},"line":28},"11":{"name":"(anonymous_11)","decl":{"start":{"line":36,"column":43},"end":{"line":36,"column":44}},"loc":{"start":{"line":36,"column":61},"end":{"line":44,"column":1}},"line":36},"12":{"name":"ResourceNotFoundError","decl":{"start":{"line":38,"column":13},"end":{"line":38,"column":34}},"loc":{"start":{"line":38,"column":40},"end":{"line":42,"column":5}},"line":38},"13":{"name":"(anonymous_13)","decl":{"start":{"line":46,"column":37},"end":{"line":46,"column":38}},"loc":{"start":{"line":46,"column":55},"end":{"line":54,"column":1}},"line":46},"14":{"name":"BadRequestError","decl":{"start":{"line":48,"column":13},"end":{"line":48,"column":28}},"loc":{"start":{"line":48,"column":37},"end":{"line":52,"column":5}},"line":48},"15":{"name":"(anonymous_15)","decl":{"start":{"line":56,"column":41},"end":{"line":56,"column":42}},"loc":{"start":{"line":56,"column":59},"end":{"line":64,"column":1}},"line":56},"16":{"name":"AuthenticationError","decl":{"start":{"line":58,"column":13},"end":{"line":58,"column":32}},"loc":{"start":{"line":58,"column":41},"end":{"line":62,"column":5}},"line":58},"17":{"name":"(anonymous_17)","decl":{"start":{"line":66,"column":41},"end":{"line":66,"column":42}},"loc":{"start":{"line":66,"column":59},"end":{"line":74,"column":1}},"line":66},"18":{"name":"NotImplementedError","decl":{"start":{"line":68,"column":13},"end":{"line":68,"column":32}},"loc":{"start":{"line":68,"column":41},"end":{"line":72,"column":5}},"line":68}},"branchMap":{"0":{"loc":{"start":{"line":2,"column":16},"end":{"line":14,"column":4}},"type":"binary-expr","locations":[{"start":{"line":2,"column":17},"end":{"line":2,"column":21}},{"start":{"line":2,"column":25},"end":{"line":2,"column":39}},{"start":{"line":2,"column":44},"end":{"line":14,"column":4}}],"line":2},"1":{"loc":{"start":{"line":4,"column":24},"end":{"line":6,"column":86}},"type":"binary-expr","locations":[{"start":{"line":4,"column":24},"end":{"line":4,"column":45}},{"start":{"line":5,"column":13},"end":{"line":5,"column":47}},{"start":{"line":5,"column":51},"end":{"line":5,"column":87}},{"start":{"line":6,"column":12},"end":{"line":6,"column":86}}],"line":4},"2":{"loc":{"start":{"line":6,"column":47},"end":{"line":6,"column":84}},"type":"if","locations":[{"start":{"line":6,"column":47},"end":{"line":6,"column":84}},{"start":{"line":6,"column":47},"end":{"line":6,"column":84}}],"line":6},"3":{"loc":{"start":{"line":12,"column":22},"end":{"line":12,"column":92}},"type":"cond-expr","locations":[{"start":{"line":12,"column":35},"end":{"line":12,"column":51}},{"start":{"line":12,"column":55},"end":{"line":12,"column":91}}],"line":12},"4":{"loc":{"start":{"line":19,"column":8},"end":{"line":19,"column":71}},"type":"cond-expr","locations":[{"start":{"line":19,"column":15},"end":{"line":19,"column":32}},{"start":{"line":19,"column":36},"end":{"line":19,"column":71}}],"line":19},"5":{"loc":{"start":{"line":29,"column":20},"end":{"line":29,"column":53}},"type":"binary-expr","locations":[{"start":{"line":29,"column":20},"end":{"line":29,"column":45}},{"start":{"line":29,"column":49},"end":{"line":29,"column":53}}],"line":29},"6":{"loc":{"start":{"line":39,"column":20},"end":{"line":39,"column":50}},"type":"binary-expr","locations":[{"start":{"line":39,"column":20},"end":{"line":39,"column":42}},{"start":{"line":39,"column":46},"end":{"line":39,"column":50}}],"line":39},"7":{"loc":{"start":{"line":49,"column":20},"end":{"line":49,"column":53}},"type":"binary-expr","locations":[{"start":{"line":49,"column":20},"end":{"line":49,"column":45}},{"start":{"line":49,"column":49},"end":{"line":49,"column":53}}],"line":49},"8":{"loc":{"start":{"line":59,"column":20},"end":{"line":59,"column":53}},"type":"binary-expr","locations":[{"start":{"line":59,"column":20},"end":{"line":59,"column":45}},{"start":{"line":59,"column":49},"end":{"line":59,"column":53}}],"line":59},"9":{"loc":{"start":{"line":69,"column":20},"end":{"line":69,"column":53}},"type":"binary-expr","locations":[{"start":{"line":69,"column":20},"end":{"line":69,"column":45}},{"start":{"line":69,"column":49},"end":{"line":69,"column":53}}],"line":69}},"s":{"0":1,"1":1,"2":1,"3":0,"4":0,"5":0,"6":0,"7":1,"8":1,"9":5,"10":5,"11":5,"12":1,"13":1,"14":26,"15":26,"16":1,"17":26,"18":1,"19":1,"20":1,"21":7,"22":7,"23":7,"24":1,"25":1,"26":1,"27":1,"28":1,"29":1,"30":1,"31":1,"32":1,"33":1,"34":1,"35":18,"36":18,"37":18,"38":1,"39":1,"40":1,"41":1,"42":0,"43":0,"44":0,"45":1,"46":1,"47":1,"48":1,"49":0,"50":0,"51":0,"52":1,"53":1},"f":{"0":1,"1":1,"2":0,"3":0,"4":5,"5":5,"6":1,"7":26,"8":26,"9":1,"10":7,"11":1,"12":1,"13":1,"14":18,"15":1,"16":0,"17":1,"18":0},"b":{"0":[1,1,1],"1":[1,0,0,0],"2":[0,0],"3":[0,5],"4":[22,4],"5":[7,7],"6":[1,1],"7":[18,18],"8":[0,0],"9":[0,0]},"_coverageSchema":"1a1c01bbd47fc00a2c39e90264f33305004495a9","hash":"5b2fb0e0ba9688d7e99a19879199b4cd63bf24e9"}
,"C:\\Users\\Bostikpc\\repos\\rev-repos\\200406-java-react-usf\\Josef_Bostik_p0\\build\\models\\user.js": {"path":"C:\\Users\\Bostikpc\\repos\\rev-repos\\200406-java-react-usf\\Josef_Bostik_p0\\build\\models\\user.js","statementMap":{"0":{"start":{"line":13,"column":0},"end":{"line":13,"column":62}},"1":{"start":{"line":14,"column":26},"end":{"line":25,"column":3}},"2":{"start":{"line":16,"column":8},"end":{"line":16,"column":21}},"3":{"start":{"line":17,"column":8},"end":{"line":17,"column":27}},"4":{"start":{"line":18,"column":8},"end":{"line":18,"column":27}},"5":{"start":{"line":19,"column":8},"end":{"line":19,"column":28}},"6":{"start":{"line":20,"column":8},"end":{"line":20,"column":27}},"7":{"start":{"line":21,"column":8},"end":{"line":21,"column":27}},"8":{"start":{"line":22,"column":8},"end":{"line":22,"column":25}},"9":{"start":{"line":24,"column":4},"end":{"line":24,"column":16}},"10":{"start":{"line":26,"column":0},"end":{"line":26,"column":20}}},"fnMap":{"0":{"name":"(anonymous_0)","decl":{"start":{"line":14,"column":26},"end":{"line":14,"column":27}},"loc":{"start":{"line":14,"column":38},"end":{"line":25,"column":1}},"line":14},"1":{"name":"User","decl":{"start":{"line":15,"column":13},"end":{"line":15,"column":17}},"loc":{"start":{"line":15,"column":51},"end":{"line":23,"column":5}},"line":15}},"branchMap":{},"s":{"0":1,"1":1,"2":32,"3":32,"4":32,"5":32,"6":32,"7":32,"8":32,"9":1,"10":1},"f":{"0":1,"1":32},"b":{},"_coverageSchema":"1a1c01bbd47fc00a2c39e90264f33305004495a9","hash":"c5b087739ba09ca89015815dbef819289f760415"}
,"C:\\Users\\Bostikpc\\repos\\rev-repos\\200406-java-react-usf\\Josef_Bostik_p0\\build\\repos\\user_repo.js": {"path":"C:\\Users\\Bostikpc\\repos\\rev-repos\\200406-java-react-usf\\Josef_Bostik_p0\\build\\repos\\user_repo.js","statementMap":{"0":{"start":{"line":12,"column":15},"end":{"line":22,"column":1}},"1":{"start":{"line":13,"column":4},"end":{"line":20,"column":6}},"2":{"start":{"line":14,"column":8},"end":{"line":18,"column":9}},"3":{"start":{"line":14,"column":24},"end":{"line":14,"column":25}},"4":{"start":{"line":14,"column":31},"end":{"line":14,"column":47}},"5":{"start":{"line":15,"column":12},"end":{"line":15,"column":29}},"6":{"start":{"line":16,"column":12},"end":{"line":17,"column":28}},"7":{"start":{"line":16,"column":29},"end":{"line":17,"column":28}},"8":{"start":{"line":17,"column":16},"end":{"line":17,"column":28}},"9":{"start":{"line":19,"column":8},"end":{"line":19,"column":17}},"10":{"start":{"line":21,"column":4},"end":{"line":21,"column":43}},"11":{"start":{"line":23,"column":22},"end":{"line":25,"column":1}},"12":{"start":{"line":24,"column":4},"end":{"line":24,"column":62}},"13":{"start":{"line":26,"column":0},"end":{"line":26,"column":62}},"14":{"start":{"line":27,"column":16},"end":{"line":27,"column":59}},"15":{"start":{"line":28,"column":18},"end":{"line":28,"column":63}},"16":{"start":{"line":29,"column":15},"end":{"line":29,"column":42}},"17":{"start":{"line":30,"column":36},"end":{"line":151,"column":3}},"18":{"start":{"line":33,"column":4},"end":{"line":48,"column":6}},"19":{"start":{"line":34,"column":8},"end":{"line":47,"column":11}},"20":{"start":{"line":35,"column":12},"end":{"line":46,"column":20}},"21":{"start":{"line":36,"column":28},"end":{"line":36,"column":30}},"22":{"start":{"line":37,"column":16},"end":{"line":40,"column":17}},"23":{"start":{"line":37,"column":30},"end":{"line":37,"column":31}},"24":{"start":{"line":37,"column":42},"end":{"line":37,"column":59}},"25":{"start":{"line":38,"column":31},"end":{"line":38,"column":41}},"26":{"start":{"line":39,"column":20},"end":{"line":39,"column":51}},"27":{"start":{"line":41,"column":16},"end":{"line":44,"column":17}},"28":{"start":{"line":42,"column":20},"end":{"line":42,"column":65}},"29":{"start":{"line":43,"column":20},"end":{"line":43,"column":27}},"30":{"start":{"line":45,"column":16},"end":{"line":45,"column":31}},"31":{"start":{"line":49,"column":4},"end":{"line":64,"column":6}},"32":{"start":{"line":50,"column":20},"end":{"line":50,"column":24}},"33":{"start":{"line":51,"column":8},"end":{"line":63,"column":11}},"34":{"start":{"line":52,"column":12},"end":{"line":54,"column":13}},"35":{"start":{"line":53,"column":16},"end":{"line":53,"column":55}},"36":{"start":{"line":55,"column":12},"end":{"line":62,"column":20}},"37":{"start":{"line":56,"column":27},"end":{"line":56,"column":107}},"38":{"start":{"line":56,"column":81},"end":{"line":56,"column":103}},"39":{"start":{"line":57,"column":16},"end":{"line":60,"column":17}},"40":{"start":{"line":58,"column":20},"end":{"line":58,"column":65}},"41":{"start":{"line":59,"column":20},"end":{"line":59,"column":27}},"42":{"start":{"line":61,"column":16},"end":{"line":61,"column":52}},"43":{"start":{"line":66,"column":4},"end":{"line":73,"column":6}},"44":{"start":{"line":67,"column":8},"end":{"line":72,"column":11}},"45":{"start":{"line":68,"column":12},"end":{"line":71,"column":20}},"46":{"start":{"line":69,"column":27},"end":{"line":69,"column":110}},"47":{"start":{"line":69,"column":81},"end":{"line":69,"column":106}},"48":{"start":{"line":70,"column":16},"end":{"line":70,"column":30}},"49":{"start":{"line":74,"column":4},"end":{"line":81,"column":6}},"50":{"start":{"line":75,"column":8},"end":{"line":80,"column":11}},"51":{"start":{"line":76,"column":12},"end":{"line":79,"column":20}},"52":{"start":{"line":77,"column":27},"end":{"line":77,"column":137}},"53":{"start":{"line":77,"column":81},"end":{"line":77,"column":133}},"54":{"start":{"line":78,"column":16},"end":{"line":78,"column":30}},"55":{"start":{"line":82,"column":4},"end":{"line":105,"column":6}},"56":{"start":{"line":83,"column":20},"end":{"line":83,"column":24}},"57":{"start":{"line":84,"column":8},"end":{"line":104,"column":11}},"58":{"start":{"line":85,"column":12},"end":{"line":88,"column":13}},"59":{"start":{"line":86,"column":16},"end":{"line":86,"column":104}},"60":{"start":{"line":87,"column":16},"end":{"line":87,"column":23}},"61":{"start":{"line":89,"column":12},"end":{"line":103,"column":15}},"62":{"start":{"line":90,"column":31},"end":{"line":90,"column":124}},"63":{"start":{"line":90,"column":74},"end":{"line":90,"column":115}},"64":{"start":{"line":91,"column":16},"end":{"line":94,"column":17}},"65":{"start":{"line":92,"column":20},"end":{"line":92,"column":109}},"66":{"start":{"line":93,"column":20},"end":{"line":93,"column":27}},"67":{"start":{"line":95,"column":16},"end":{"line":95,"column":115}},"68":{"start":{"line":95,"column":70},"end":{"line":95,"column":105}},"69":{"start":{"line":96,"column":16},"end":{"line":99,"column":17}},"70":{"start":{"line":97,"column":20},"end":{"line":97,"column":106}},"71":{"start":{"line":98,"column":20},"end":{"line":98,"column":27}},"72":{"start":{"line":100,"column":16},"end":{"line":100,"column":60}},"73":{"start":{"line":101,"column":16},"end":{"line":101,"column":48}},"74":{"start":{"line":102,"column":16},"end":{"line":102,"column":55}},"75":{"start":{"line":106,"column":4},"end":{"line":135,"column":6}},"76":{"start":{"line":107,"column":8},"end":{"line":134,"column":11}},"77":{"start":{"line":108,"column":12},"end":{"line":111,"column":13}},"78":{"start":{"line":109,"column":16},"end":{"line":109,"column":102}},"79":{"start":{"line":110,"column":16},"end":{"line":110,"column":23}},"80":{"start":{"line":112,"column":12},"end":{"line":133,"column":15}},"81":{"start":{"line":113,"column":36},"end":{"line":113,"column":114}},"82":{"start":{"line":113,"column":77},"end":{"line":113,"column":111}},"83":{"start":{"line":114,"column":16},"end":{"line":117,"column":17}},"84":{"start":{"line":115,"column":20},"end":{"line":115,"column":98}},"85":{"start":{"line":116,"column":20},"end":{"line":116,"column":27}},"86":{"start":{"line":118,"column":16},"end":{"line":121,"column":17}},"87":{"start":{"line":119,"column":20},"end":{"line":119,"column":98}},"88":{"start":{"line":120,"column":20},"end":{"line":120,"column":27}},"89":{"start":{"line":122,"column":31},"end":{"line":126,"column":24}},"90":{"start":{"line":123,"column":20},"end":{"line":124,"column":37}},"91":{"start":{"line":124,"column":24},"end":{"line":124,"column":37}},"92":{"start":{"line":125,"column":20},"end":{"line":125,"column":59}},"93":{"start":{"line":127,"column":16},"end":{"line":130,"column":17}},"94":{"start":{"line":128,"column":20},"end":{"line":128,"column":110}},"95":{"start":{"line":129,"column":20},"end":{"line":129,"column":27}},"96":{"start":{"line":131,"column":16},"end":{"line":131,"column":44}},"97":{"start":{"line":132,"column":16},"end":{"line":132,"column":30}},"98":{"start":{"line":137,"column":4},"end":{"line":144,"column":6}},"99":{"start":{"line":138,"column":8},"end":{"line":143,"column":11}},"100":{"start":{"line":139,"column":12},"end":{"line":141,"column":13}},"101":{"start":{"line":140,"column":16},"end":{"line":140,"column":55}},"102":{"start":{"line":142,"column":12},"end":{"line":142,"column":55}},"103":{"start":{"line":145,"column":4},"end":{"line":149,"column":6}},"104":{"start":{"line":146,"column":18},"end":{"line":146,"column":36}},"105":{"start":{"line":147,"column":8},"end":{"line":147,"column":28}},"106":{"start":{"line":148,"column":8},"end":{"line":148,"column":19}},"107":{"start":{"line":150,"column":4},"end":{"line":150,"column":26}},"108":{"start":{"line":152,"column":0},"end":{"line":152,"column":40}}},"fnMap":{"0":{"name":"(anonymous_0)","decl":{"start":{"line":12,"column":42},"end":{"line":12,"column":43}},"loc":{"start":{"line":12,"column":54},"end":{"line":22,"column":1}},"line":12},"1":{"name":"(anonymous_1)","decl":{"start":{"line":13,"column":32},"end":{"line":13,"column":33}},"loc":{"start":{"line":13,"column":44},"end":{"line":20,"column":5}},"line":13},"2":{"name":"(anonymous_2)","decl":{"start":{"line":23,"column":56},"end":{"line":23,"column":57}},"loc":{"start":{"line":23,"column":71},"end":{"line":25,"column":1}},"line":23},"3":{"name":"(anonymous_3)","decl":{"start":{"line":30,"column":36},"end":{"line":30,"column":37}},"loc":{"start":{"line":30,"column":48},"end":{"line":151,"column":1}},"line":30},"4":{"name":"UserRepository","decl":{"start":{"line":31,"column":13},"end":{"line":31,"column":27}},"loc":{"start":{"line":31,"column":30},"end":{"line":32,"column":5}},"line":31},"5":{"name":"(anonymous_5)","decl":{"start":{"line":33,"column":38},"end":{"line":33,"column":39}},"loc":{"start":{"line":33,"column":50},"end":{"line":48,"column":5}},"line":33},"6":{"name":"(anonymous_6)","decl":{"start":{"line":34,"column":27},"end":{"line":34,"column":28}},"loc":{"start":{"line":34,"column":54},"end":{"line":47,"column":9}},"line":34},"7":{"name":"(anonymous_7)","decl":{"start":{"line":35,"column":23},"end":{"line":35,"column":24}},"loc":{"start":{"line":35,"column":35},"end":{"line":46,"column":13}},"line":35},"8":{"name":"(anonymous_8)","decl":{"start":{"line":49,"column":39},"end":{"line":49,"column":40}},"loc":{"start":{"line":49,"column":53},"end":{"line":64,"column":5}},"line":49},"9":{"name":"(anonymous_9)","decl":{"start":{"line":51,"column":27},"end":{"line":51,"column":28}},"loc":{"start":{"line":51,"column":54},"end":{"line":63,"column":9}},"line":51},"10":{"name":"(anonymous_10)","decl":{"start":{"line":55,"column":23},"end":{"line":55,"column":24}},"loc":{"start":{"line":55,"column":35},"end":{"line":62,"column":13}},"line":55},"11":{"name":"(anonymous_11)","decl":{"start":{"line":56,"column":63},"end":{"line":56,"column":64}},"loc":{"start":{"line":56,"column":79},"end":{"line":56,"column":105}},"line":56},"12":{"name":"(anonymous_12)","decl":{"start":{"line":66,"column":50},"end":{"line":66,"column":51}},"loc":{"start":{"line":66,"column":70},"end":{"line":73,"column":5}},"line":66},"13":{"name":"(anonymous_13)","decl":{"start":{"line":67,"column":27},"end":{"line":67,"column":28}},"loc":{"start":{"line":67,"column":54},"end":{"line":72,"column":9}},"line":67},"14":{"name":"(anonymous_14)","decl":{"start":{"line":68,"column":23},"end":{"line":68,"column":24}},"loc":{"start":{"line":68,"column":35},"end":{"line":71,"column":13}},"line":68},"15":{"name":"(anonymous_15)","decl":{"start":{"line":69,"column":63},"end":{"line":69,"column":64}},"loc":{"start":{"line":69,"column":79},"end":{"line":69,"column":108}},"line":69},"16":{"name":"(anonymous_16)","decl":{"start":{"line":74,"column":52},"end":{"line":74,"column":53}},"loc":{"start":{"line":74,"column":70},"end":{"line":81,"column":5}},"line":74},"17":{"name":"(anonymous_17)","decl":{"start":{"line":75,"column":27},"end":{"line":75,"column":28}},"loc":{"start":{"line":75,"column":54},"end":{"line":80,"column":9}},"line":75},"18":{"name":"(anonymous_18)","decl":{"start":{"line":76,"column":23},"end":{"line":76,"column":24}},"loc":{"start":{"line":76,"column":35},"end":{"line":79,"column":13}},"line":76},"19":{"name":"(anonymous_19)","decl":{"start":{"line":77,"column":63},"end":{"line":77,"column":64}},"loc":{"start":{"line":77,"column":79},"end":{"line":77,"column":135}},"line":77},"20":{"name":"(anonymous_20)","decl":{"start":{"line":82,"column":36},"end":{"line":82,"column":37}},"loc":{"start":{"line":82,"column":55},"end":{"line":105,"column":5}},"line":82},"21":{"name":"(anonymous_21)","decl":{"start":{"line":84,"column":27},"end":{"line":84,"column":28}},"loc":{"start":{"line":84,"column":54},"end":{"line":104,"column":9}},"line":84},"22":{"name":"(anonymous_22)","decl":{"start":{"line":89,"column":23},"end":{"line":89,"column":24}},"loc":{"start":{"line":89,"column":35},"end":{"line":103,"column":13}},"line":89},"23":{"name":"(anonymous_23)","decl":{"start":{"line":90,"column":56},"end":{"line":90,"column":57}},"loc":{"start":{"line":90,"column":72},"end":{"line":90,"column":117}},"line":90},"24":{"name":"(anonymous_24)","decl":{"start":{"line":95,"column":52},"end":{"line":95,"column":53}},"loc":{"start":{"line":95,"column":68},"end":{"line":95,"column":107}},"line":95},"25":{"name":"(anonymous_25)","decl":{"start":{"line":106,"column":38},"end":{"line":106,"column":39}},"loc":{"start":{"line":106,"column":61},"end":{"line":135,"column":5}},"line":106},"26":{"name":"(anonymous_26)","decl":{"start":{"line":107,"column":27},"end":{"line":107,"column":28}},"loc":{"start":{"line":107,"column":54},"end":{"line":134,"column":9}},"line":107},"27":{"name":"(anonymous_27)","decl":{"start":{"line":112,"column":23},"end":{"line":112,"column":24}},"loc":{"start":{"line":112,"column":35},"end":{"line":133,"column":13}},"line":112},"28":{"name":"(anonymous_28)","decl":{"start":{"line":113,"column":59},"end":{"line":113,"column":60}},"loc":{"start":{"line":113,"column":75},"end":{"line":113,"column":113}},"line":113},"29":{"name":"(anonymous_29)","decl":{"start":{"line":122,"column":56},"end":{"line":122,"column":57}},"loc":{"start":{"line":122,"column":72},"end":{"line":126,"column":17}},"line":122},"30":{"name":"(anonymous_30)","decl":{"start":{"line":137,"column":42},"end":{"line":137,"column":43}},"loc":{"start":{"line":137,"column":56},"end":{"line":144,"column":5}},"line":137},"31":{"name":"(anonymous_31)","decl":{"start":{"line":138,"column":27},"end":{"line":138,"column":28}},"loc":{"start":{"line":138,"column":54},"end":{"line":143,"column":9}},"line":138},"32":{"name":"(anonymous_32)","decl":{"start":{"line":145,"column":46},"end":{"line":145,"column":47}},"loc":{"start":{"line":145,"column":62},"end":{"line":149,"column":5}},"line":145}},"branchMap":{"0":{"loc":{"start":{"line":12,"column":15},"end":{"line":22,"column":1}},"type":"binary-expr","locations":[{"start":{"line":12,"column":16},"end":{"line":12,"column":20}},{"start":{"line":12,"column":24},"end":{"line":12,"column":37}},{"start":{"line":12,"column":42},"end":{"line":22,"column":1}}],"line":12},"1":{"loc":{"start":{"line":13,"column":15},"end":{"line":20,"column":5}},"type":"binary-expr","locations":[{"start":{"line":13,"column":15},"end":{"line":13,"column":28}},{"start":{"line":13,"column":32},"end":{"line":20,"column":5}}],"line":13},"2":{"loc":{"start":{"line":16,"column":29},"end":{"line":17,"column":28}},"type":"if","locations":[{"start":{"line":16,"column":29},"end":{"line":17,"column":28}},{"start":{"line":16,"column":29},"end":{"line":17,"column":28}}],"line":16},"3":{"loc":{"start":{"line":23,"column":22},"end":{"line":25,"column":1}},"type":"binary-expr","locations":[{"start":{"line":23,"column":23},"end":{"line":23,"column":27}},{"start":{"line":23,"column":31},"end":{"line":23,"column":51}},{"start":{"line":23,"column":56},"end":{"line":25,"column":1}}],"line":23},"4":{"loc":{"start":{"line":24,"column":11},"end":{"line":24,"column":61}},"type":"cond-expr","locations":[{"start":{"line":24,"column":37},"end":{"line":24,"column":40}},{"start":{"line":24,"column":43},"end":{"line":24,"column":61}}],"line":24},"5":{"loc":{"start":{"line":24,"column":12},"end":{"line":24,"column":33}},"type":"binary-expr","locations":[{"start":{"line":24,"column":12},"end":{"line":24,"column":15}},{"start":{"line":24,"column":19},"end":{"line":24,"column":33}}],"line":24},"6":{"loc":{"start":{"line":41,"column":16},"end":{"line":44,"column":17}},"type":"if","locations":[{"start":{"line":41,"column":16},"end":{"line":44,"column":17}},{"start":{"line":41,"column":16},"end":{"line":44,"column":17}}],"line":41},"7":{"loc":{"start":{"line":52,"column":12},"end":{"line":54,"column":13}},"type":"if","locations":[{"start":{"line":52,"column":12},"end":{"line":54,"column":13}},{"start":{"line":52,"column":12},"end":{"line":54,"column":13}}],"line":52},"8":{"loc":{"start":{"line":57,"column":16},"end":{"line":60,"column":17}},"type":"if","locations":[{"start":{"line":57,"column":16},"end":{"line":60,"column":17}},{"start":{"line":57,"column":16},"end":{"line":60,"column":17}}],"line":57},"9":{"loc":{"start":{"line":77,"column":88},"end":{"line":77,"column":132}},"type":"binary-expr","locations":[{"start":{"line":77,"column":88},"end":{"line":77,"column":108}},{"start":{"line":77,"column":112},"end":{"line":77,"column":132}}],"line":77},"10":{"loc":{"start":{"line":85,"column":12},"end":{"line":88,"column":13}},"type":"if","locations":[{"start":{"line":85,"column":12},"end":{"line":88,"column":13}},{"start":{"line":85,"column":12},"end":{"line":88,"column":13}}],"line":85},"11":{"loc":{"start":{"line":91,"column":16},"end":{"line":94,"column":17}},"type":"if","locations":[{"start":{"line":91,"column":16},"end":{"line":94,"column":17}},{"start":{"line":91,"column":16},"end":{"line":94,"column":17}}],"line":91},"12":{"loc":{"start":{"line":96,"column":16},"end":{"line":99,"column":17}},"type":"if","locations":[{"start":{"line":96,"column":16},"end":{"line":99,"column":17}},{"start":{"line":96,"column":16},"end":{"line":99,"column":17}}],"line":96},"13":{"loc":{"start":{"line":108,"column":12},"end":{"line":111,"column":13}},"type":"if","locations":[{"start":{"line":108,"column":12},"end":{"line":111,"column":13}},{"start":{"line":108,"column":12},"end":{"line":111,"column":13}}],"line":108},"14":{"loc":{"start":{"line":108,"column":16},"end":{"line":108,"column":113}},"type":"binary-expr","locations":[{"start":{"line":108,"column":16},"end":{"line":108,"column":63}},{"start":{"line":108,"column":67},"end":{"line":108,"column":113}}],"line":108},"15":{"loc":{"start":{"line":114,"column":16},"end":{"line":117,"column":17}},"type":"if","locations":[{"start":{"line":114,"column":16},"end":{"line":117,"column":17}},{"start":{"line":114,"column":16},"end":{"line":117,"column":17}}],"line":114},"16":{"loc":{"start":{"line":118,"column":16},"end":{"line":121,"column":17}},"type":"if","locations":[{"start":{"line":118,"column":16},"end":{"line":121,"column":17}},{"start":{"line":118,"column":16},"end":{"line":121,"column":17}}],"line":118},"17":{"loc":{"start":{"line":123,"column":20},"end":{"line":124,"column":37}},"type":"if","locations":[{"start":{"line":123,"column":20},"end":{"line":124,"column":37}},{"start":{"line":123,"column":20},"end":{"line":124,"column":37}}],"line":123},"18":{"loc":{"start":{"line":127,"column":16},"end":{"line":130,"column":17}},"type":"if","locations":[{"start":{"line":127,"column":16},"end":{"line":130,"column":17}},{"start":{"line":127,"column":16},"end":{"line":130,"column":17}}],"line":127},"19":{"loc":{"start":{"line":139,"column":12},"end":{"line":141,"column":13}},"type":"if","locations":[{"start":{"line":139,"column":12},"end":{"line":141,"column":13}},{"start":{"line":139,"column":12},"end":{"line":141,"column":13}}],"line":139}},"s":{"0":1,"1":1,"2":0,"3":0,"4":0,"5":0,"6":0,"7":0,"8":0,"9":0,"10":1,"11":1,"12":2,"13":1,"14":1,"15":1,"16":1,"17":1,"18":1,"19":1,"20":1,"21":1,"22":1,"23":1,"24":1,"25":5,"26":5,"27":1,"28":0,"29":0,"30":1,"31":1,"32":1,"33":1,"34":1,"35":0,"36":1,"37":1,"38":1,"39":1,"40":0,"41":0,"42":1,"43":1,"44":4,"45":4,"46":0,"47":0,"48":0,"49":1,"50":3,"51":3,"52":3,"53":11,"54":3,"55":1,"56":0,"57":0,"58":0,"59":0,"60":0,"61":0,"62":0,"63":0,"64":0,"65":0,"66":0,"67":0,"68":0,"69":0,"70":0,"71":0,"72":0,"73":0,"74":0,"75":1,"76":7,"77":7,"78":2,"79":2,"80":5,"81":5,"82":9,"83":5,"84":1,"85":1,"86":4,"87":2,"88":2,"89":2,"90":10,"91":2,"92":8,"93":2,"94":1,"95":1,"96":1,"97":1,"98":1,"99":0,"100":0,"101":0,"102":0,"103":1,"104":1,"105":1,"106":1,"107":1,"108":1},"f":{"0":1,"1":0,"2":2,"3":1,"4":34,"5":1,"6":1,"7":1,"8":1,"9":1,"10":1,"11":1,"12":4,"13":4,"14":0,"15":0,"16":3,"17":3,"18":3,"19":11,"20":0,"21":0,"22":0,"23":0,"24":0,"25":7,"26":7,"27":5,"28":9,"29":10,"30":0,"31":0,"32":1},"b":{"0":[1,1,1],"1":[1,0],"2":[0,0],"3":[1,1,1],"4":[2,0],"5":[2,2],"6":[0,1],"7":[0,1],"8":[0,1],"9":[11,2],"10":[0,0],"11":[0,0],"12":[0,0],"13":[2,5],"14":[7,7],"15":[1,4],"16":[2,2],"17":[2,8],"18":[1,1],"19":[0,0]},"_coverageSchema":"1a1c01bbd47fc00a2c39e90264f33305004495a9","hash":"c6ca60b2c3ad77cb4f2a621be1f483323fa2b41f"}
,"C:\\Users\\Bostikpc\\repos\\rev-repos\\200406-java-react-usf\\Josef_Bostik_p0\\build\\services\\user_service.js": {"path":"C:\\Users\\Bostikpc\\repos\\rev-repos\\200406-java-react-usf\\Josef_Bostik_p0\\build\\services\\user_service.js","statementMap":{"0":{"start":{"line":2,"column":15},"end":{"line":12,"column":1}},"1":{"start":{"line":3,"column":4},"end":{"line":10,"column":6}},"2":{"start":{"line":4,"column":8},"end":{"line":8,"column":9}},"3":{"start":{"line":4,"column":24},"end":{"line":4,"column":25}},"4":{"start":{"line":4,"column":31},"end":{"line":4,"column":47}},"5":{"start":{"line":5,"column":12},"end":{"line":5,"column":29}},"6":{"start":{"line":6,"column":12},"end":{"line":7,"column":28}},"7":{"start":{"line":6,"column":29},"end":{"line":7,"column":28}},"8":{"start":{"line":7,"column":16},"end":{"line":7,"column":28}},"9":{"start":{"line":9,"column":8},"end":{"line":9,"column":17}},"10":{"start":{"line":11,"column":4},"end":{"line":11,"column":43}},"11":{"start":{"line":13,"column":16},"end":{"line":21,"column":1}},"12":{"start":{"line":14,"column":28},"end":{"line":14,"column":110}},"13":{"start":{"line":14,"column":91},"end":{"line":14,"column":106}},"14":{"start":{"line":15,"column":4},"end":{"line":20,"column":7}},"15":{"start":{"line":16,"column":36},"end":{"line":16,"column":97}},"16":{"start":{"line":16,"column":42},"end":{"line":16,"column":70}},"17":{"start":{"line":16,"column":85},"end":{"line":16,"column":95}},"18":{"start":{"line":17,"column":35},"end":{"line":17,"column":100}},"19":{"start":{"line":17,"column":41},"end":{"line":17,"column":73}},"20":{"start":{"line":17,"column":88},"end":{"line":17,"column":98}},"21":{"start":{"line":18,"column":32},"end":{"line":18,"column":116}},"22":{"start":{"line":19,"column":8},"end":{"line":19,"column":78}},"23":{"start":{"line":22,"column":18},"end":{"line":48,"column":1}},"24":{"start":{"line":23,"column":12},"end":{"line":23,"column":104}},"25":{"start":{"line":23,"column":43},"end":{"line":23,"column":68}},"26":{"start":{"line":23,"column":57},"end":{"line":23,"column":68}},"27":{"start":{"line":23,"column":69},"end":{"line":23,"column":81}},"28":{"start":{"line":24,"column":4},"end":{"line":24,"column":157}},"29":{"start":{"line":24,"column":138},"end":{"line":24,"column":150}},"30":{"start":{"line":25,"column":23},"end":{"line":25,"column":68}},"31":{"start":{"line":25,"column":45},"end":{"line":25,"column":65}},"32":{"start":{"line":27,"column":8},"end":{"line":27,"column":70}},"33":{"start":{"line":27,"column":15},"end":{"line":27,"column":70}},"34":{"start":{"line":28,"column":8},"end":{"line":45,"column":66}},"35":{"start":{"line":28,"column":18},"end":{"line":45,"column":66}},"36":{"start":{"line":29,"column":12},"end":{"line":29,"column":169}},"37":{"start":{"line":29,"column":160},"end":{"line":29,"column":169}},"38":{"start":{"line":30,"column":12},"end":{"line":30,"column":52}},"39":{"start":{"line":30,"column":26},"end":{"line":30,"column":52}},"40":{"start":{"line":31,"column":12},"end":{"line":43,"column":13}},"41":{"start":{"line":32,"column":32},"end":{"line":32,"column":39}},"42":{"start":{"line":32,"column":40},"end":{"line":32,"column":46}},"43":{"start":{"line":33,"column":24},"end":{"line":33,"column":34}},"44":{"start":{"line":33,"column":35},"end":{"line":33,"column":72}},"45":{"start":{"line":34,"column":24},"end":{"line":34,"column":34}},"46":{"start":{"line":34,"column":35},"end":{"line":34,"column":45}},"47":{"start":{"line":34,"column":46},"end":{"line":34,"column":55}},"48":{"start":{"line":34,"column":56},"end":{"line":34,"column":65}},"49":{"start":{"line":35,"column":24},"end":{"line":35,"column":41}},"50":{"start":{"line":35,"column":42},"end":{"line":35,"column":55}},"51":{"start":{"line":35,"column":56},"end":{"line":35,"column":65}},"52":{"start":{"line":37,"column":20},"end":{"line":37,"column":128}},"53":{"start":{"line":37,"column":110},"end":{"line":37,"column":116}},"54":{"start":{"line":37,"column":117},"end":{"line":37,"column":126}},"55":{"start":{"line":38,"column":20},"end":{"line":38,"column":106}},"56":{"start":{"line":38,"column":81},"end":{"line":38,"column":97}},"57":{"start":{"line":38,"column":98},"end":{"line":38,"column":104}},"58":{"start":{"line":39,"column":20},"end":{"line":39,"column":89}},"59":{"start":{"line":39,"column":57},"end":{"line":39,"column":72}},"60":{"start":{"line":39,"column":73},"end":{"line":39,"column":80}},"61":{"start":{"line":39,"column":81},"end":{"line":39,"column":87}},"62":{"start":{"line":40,"column":20},"end":{"line":40,"column":87}},"63":{"start":{"line":40,"column":47},"end":{"line":40,"column":62}},"64":{"start":{"line":40,"column":63},"end":{"line":40,"column":78}},"65":{"start":{"line":40,"column":79},"end":{"line":40,"column":85}},"66":{"start":{"line":41,"column":20},"end":{"line":41,"column":42}},"67":{"start":{"line":41,"column":30},"end":{"line":41,"column":42}},"68":{"start":{"line":42,"column":20},"end":{"line":42,"column":33}},"69":{"start":{"line":42,"column":34},"end":{"line":42,"column":43}},"70":{"start":{"line":44,"column":12},"end":{"line":44,"column":39}},"71":{"start":{"line":45,"column":22},"end":{"line":45,"column":34}},"72":{"start":{"line":45,"column":35},"end":{"line":45,"column":41}},"73":{"start":{"line":45,"column":54},"end":{"line":45,"column":64}},"74":{"start":{"line":46,"column":8},"end":{"line":46,"column":35}},"75":{"start":{"line":46,"column":23},"end":{"line":46,"column":35}},"76":{"start":{"line":46,"column":36},"end":{"line":46,"column":89}},"77":{"start":{"line":49,"column":0},"end":{"line":49,"column":62}},"78":{"start":{"line":50,"column":13},"end":{"line":50,"column":38}},"79":{"start":{"line":51,"column":18},"end":{"line":51,"column":46}},"80":{"start":{"line":52,"column":15},"end":{"line":52,"column":42}},"81":{"start":{"line":53,"column":33},"end":{"line":289,"column":3}},"82":{"start":{"line":55,"column":8},"end":{"line":55,"column":33}},"83":{"start":{"line":56,"column":8},"end":{"line":56,"column":33}},"84":{"start":{"line":58,"column":4},"end":{"line":82,"column":6}},"85":{"start":{"line":59,"column":20},"end":{"line":59,"column":24}},"86":{"start":{"line":60,"column":8},"end":{"line":81,"column":15}},"87":{"start":{"line":60,"column":56},"end":{"line":81,"column":11}},"88":{"start":{"line":62,"column":12},"end":{"line":80,"column":15}},"89":{"start":{"line":63,"column":16},"end":{"line":79,"column":17}},"90":{"start":{"line":65,"column":24},"end":{"line":65,"column":35}},"91":{"start":{"line":66,"column":24},"end":{"line":66,"column":69}},"92":{"start":{"line":68,"column":24},"end":{"line":68,"column":43}},"93":{"start":{"line":69,"column":24},"end":{"line":72,"column":25}},"94":{"start":{"line":70,"column":28},"end":{"line":70,"column":48}},"95":{"start":{"line":71,"column":28},"end":{"line":71,"column":59}},"96":{"start":{"line":73,"column":24},"end":{"line":76,"column":25}},"97":{"start":{"line":74,"column":28},"end":{"line":74,"column":73}},"98":{"start":{"line":75,"column":28},"end":{"line":75,"column":50}},"99":{"start":{"line":77,"column":24},"end":{"line":77,"column":64}},"100":{"start":{"line":78,"column":24},"end":{"line":78,"column":46}},"101":{"start":{"line":83,"column":4},"end":{"line":106,"column":6}},"102":{"start":{"line":84,"column":20},"end":{"line":84,"column":24}},"103":{"start":{"line":85,"column":8},"end":{"line":105,"column":15}},"104":{"start":{"line":85,"column":56},"end":{"line":105,"column":11}},"105":{"start":{"line":87,"column":12},"end":{"line":104,"column":15}},"106":{"start":{"line":88,"column":16},"end":{"line":103,"column":17}},"107":{"start":{"line":90,"column":24},"end":{"line":92,"column":25}},"108":{"start":{"line":91,"column":28},"end":{"line":91,"column":90}},"109":{"start":{"line":93,"column":24},"end":{"line":93,"column":34}},"110":{"start":{"line":94,"column":24},"end":{"line":94,"column":72}},"111":{"start":{"line":96,"column":24},"end":{"line":96,"column":78}},"112":{"start":{"line":97,"column":24},"end":{"line":100,"column":25}},"113":{"start":{"line":98,"column":28},"end":{"line":98,"column":73}},"114":{"start":{"line":99,"column":28},"end":{"line":99,"column":50}},"115":{"start":{"line":101,"column":24},"end":{"line":101,"column":59}},"116":{"start":{"line":102,"column":24},"end":{"line":102,"column":46}},"117":{"start":{"line":107,"column":4},"end":{"line":147,"column":6}},"118":{"start":{"line":108,"column":20},"end":{"line":108,"column":24}},"119":{"start":{"line":109,"column":8},"end":{"line":146,"column":15}},"120":{"start":{"line":109,"column":56},"end":{"line":146,"column":11}},"121":{"start":{"line":111,"column":12},"end":{"line":145,"column":15}},"122":{"start":{"line":112,"column":16},"end":{"line":144,"column":17}},"123":{"start":{"line":114,"column":24},"end":{"line":114,"column":50}},"124":{"start":{"line":115,"column":24},"end":{"line":115,"column":58}},"125":{"start":{"line":116,"column":24},"end":{"line":118,"column":25}},"126":{"start":{"line":116,"column":62},"end":{"line":116,"column":112}},"127":{"start":{"line":117,"column":28},"end":{"line":117,"column":90}},"128":{"start":{"line":119,"column":24},"end":{"line":119,"column":43}},"129":{"start":{"line":120,"column":24},"end":{"line":120,"column":44}},"130":{"start":{"line":121,"column":24},"end":{"line":121,"column":69}},"131":{"start":{"line":121,"column":45},"end":{"line":121,"column":69}},"132":{"start":{"line":122,"column":24},"end":{"line":122,"column":37}},"133":{"start":{"line":123,"column":24},"end":{"line":123,"column":69}},"134":{"start":{"line":124,"column":28},"end":{"line":124,"column":81}},"135":{"start":{"line":127,"column":24},"end":{"line":129,"column":25}},"136":{"start":{"line":128,"column":28},"end":{"line":128,"column":90}},"137":{"start":{"line":130,"column":24},"end":{"line":130,"column":34}},"138":{"start":{"line":131,"column":24},"end":{"line":131,"column":89}},"139":{"start":{"line":133,"column":24},"end":{"line":133,"column":78}},"140":{"start":{"line":134,"column":24},"end":{"line":136,"column":25}},"141":{"start":{"line":135,"column":28},"end":{"line":135,"column":96}},"142":{"start":{"line":137,"column":24},"end":{"line":137,"column":59}},"143":{"start":{"line":138,"column":24},"end":{"line":138,"column":48}},"144":{"start":{"line":140,"column":24},"end":{"line":140,"column":40}},"145":{"start":{"line":141,"column":24},"end":{"line":141,"column":36}},"146":{"start":{"line":142,"column":24},"end":{"line":142,"column":48}},"147":{"start":{"line":143,"column":28},"end":{"line":143,"column":50}},"148":{"start":{"line":148,"column":4},"end":{"line":170,"column":6}},"149":{"start":{"line":149,"column":20},"end":{"line":149,"column":24}},"150":{"start":{"line":150,"column":8},"end":{"line":169,"column":15}},"151":{"start":{"line":150,"column":56},"end":{"line":169,"column":11}},"152":{"start":{"line":152,"column":12},"end":{"line":168,"column":15}},"153":{"start":{"line":153,"column":16},"end":{"line":167,"column":17}},"154":{"start":{"line":155,"column":24},"end":{"line":155,"column":50}},"155":{"start":{"line":156,"column":24},"end":{"line":156,"column":34}},"156":{"start":{"line":157,"column":24},"end":{"line":157,"column":89}},"157":{"start":{"line":159,"column":24},"end":{"line":159,"column":78}},"158":{"start":{"line":160,"column":24},"end":{"line":160,"column":38}},"159":{"start":{"line":161,"column":24},"end":{"line":161,"column":48}},"160":{"start":{"line":163,"column":24},"end":{"line":163,"column":40}},"161":{"start":{"line":164,"column":24},"end":{"line":164,"column":36}},"162":{"start":{"line":165,"column":24},"end":{"line":165,"column":48}},"163":{"start":{"line":166,"column":28},"end":{"line":166,"column":50}},"164":{"start":{"line":171,"column":4},"end":{"line":203,"column":6}},"165":{"start":{"line":172,"column":20},"end":{"line":172,"column":24}},"166":{"start":{"line":173,"column":8},"end":{"line":202,"column":15}},"167":{"start":{"line":173,"column":56},"end":{"line":202,"column":11}},"168":{"start":{"line":175,"column":12},"end":{"line":201,"column":15}},"169":{"start":{"line":176,"column":16},"end":{"line":200,"column":17}},"170":{"start":{"line":178,"column":24},"end":{"line":181,"column":25}},"171":{"start":{"line":179,"column":28},"end":{"line":179,"column":67}},"172":{"start":{"line":180,"column":28},"end":{"line":180,"column":50}},"173":{"start":{"line":182,"column":24},"end":{"line":182,"column":37}},"174":{"start":{"line":184,"column":24},"end":{"line":184,"column":50}},"175":{"start":{"line":185,"column":24},"end":{"line":185,"column":89}},"176":{"start":{"line":187,"column":24},"end":{"line":187,"column":45}},"177":{"start":{"line":188,"column":24},"end":{"line":188,"column":48}},"178":{"start":{"line":190,"column":24},"end":{"line":190,"column":40}},"179":{"start":{"line":191,"column":24},"end":{"line":191,"column":36}},"180":{"start":{"line":192,"column":24},"end":{"line":192,"column":48}},"181":{"start":{"line":194,"column":24},"end":{"line":197,"column":25}},"182":{"start":{"line":195,"column":28},"end":{"line":195,"column":98}},"183":{"start":{"line":196,"column":28},"end":{"line":196,"column":50}},"184":{"start":{"line":198,"column":24},"end":{"line":198,"column":63}},"185":{"start":{"line":199,"column":24},"end":{"line":199,"column":46}},"186":{"start":{"line":204,"column":4},"end":{"line":241,"column":6}},"187":{"start":{"line":205,"column":20},"end":{"line":205,"column":24}},"188":{"start":{"line":206,"column":8},"end":{"line":240,"column":15}},"189":{"start":{"line":206,"column":56},"end":{"line":240,"column":11}},"190":{"start":{"line":208,"column":12},"end":{"line":239,"column":15}},"191":{"start":{"line":209,"column":16},"end":{"line":238,"column":17}},"192":{"start":{"line":211,"column":24},"end":{"line":214,"column":25}},"193":{"start":{"line":212,"column":28},"end":{"line":212,"column":116}},"194":{"start":{"line":213,"column":28},"end":{"line":213,"column":50}},"195":{"start":{"line":215,"column":24},"end":{"line":215,"column":91}},"196":{"start":{"line":216,"column":24},"end":{"line":219,"column":25}},"197":{"start":{"line":217,"column":28},"end":{"line":217,"column":117}},"198":{"start":{"line":218,"column":28},"end":{"line":218,"column":50}},"199":{"start":{"line":220,"column":24},"end":{"line":220,"column":85}},"200":{"start":{"line":221,"column":24},"end":{"line":224,"column":25}},"201":{"start":{"line":222,"column":28},"end":{"line":222,"column":114}},"202":{"start":{"line":223,"column":28},"end":{"line":223,"column":50}},"203":{"start":{"line":225,"column":24},"end":{"line":225,"column":37}},"204":{"start":{"line":227,"column":24},"end":{"line":227,"column":50}},"205":{"start":{"line":228,"column":24},"end":{"line":228,"column":74}},"206":{"start":{"line":230,"column":24},"end":{"line":230,"column":50}},"207":{"start":{"line":231,"column":24},"end":{"line":231,"column":68}},"208":{"start":{"line":232,"column":24},"end":{"line":232,"column":48}},"209":{"start":{"line":234,"column":24},"end":{"line":234,"column":40}},"210":{"start":{"line":235,"column":24},"end":{"line":235,"column":36}},"211":{"start":{"line":236,"column":24},"end":{"line":236,"column":48}},"212":{"start":{"line":237,"column":28},"end":{"line":237,"column":50}},"213":{"start":{"line":242,"column":4},"end":{"line":271,"column":6}},"214":{"start":{"line":243,"column":20},"end":{"line":243,"column":24}},"215":{"start":{"line":244,"column":8},"end":{"line":270,"column":15}},"216":{"start":{"line":244,"column":56},"end":{"line":270,"column":11}},"217":{"start":{"line":246,"column":12},"end":{"line":269,"column":15}},"218":{"start":{"line":247,"column":16},"end":{"line":268,"column":17}},"219":{"start":{"line":249,"column":24},"end":{"line":252,"column":25}},"220":{"start":{"line":250,"column":28},"end":{"line":250,"column":114}},"221":{"start":{"line":251,"column":28},"end":{"line":251,"column":50}},"222":{"start":{"line":253,"column":24},"end":{"line":253,"column":37}},"223":{"start":{"line":255,"column":24},"end":{"line":255,"column":50}},"224":{"start":{"line":257,"column":24},"end":{"line":257,"column":37}},"225":{"start":{"line":258,"column":24},"end":{"line":258,"column":80}},"226":{"start":{"line":261,"column":24},"end":{"line":261,"column":54}},"227":{"start":{"line":262,"column":24},"end":{"line":262,"column":48}},"228":{"start":{"line":264,"column":24},"end":{"line":264,"column":40}},"229":{"start":{"line":265,"column":24},"end":{"line":265,"column":36}},"230":{"start":{"line":266,"column":24},"end":{"line":266,"column":48}},"231":{"start":{"line":267,"column":28},"end":{"line":267,"column":50}},"232":{"start":{"line":272,"column":4},"end":{"line":280,"column":6}},"233":{"start":{"line":273,"column":20},"end":{"line":273,"column":24}},"234":{"start":{"line":274,"column":8},"end":{"line":279,"column":15}},"235":{"start":{"line":274,"column":56},"end":{"line":279,"column":11}},"236":{"start":{"line":275,"column":12},"end":{"line":278,"column":15}},"237":{"start":{"line":276,"column":16},"end":{"line":276,"column":59}},"238":{"start":{"line":277,"column":16},"end":{"line":277,"column":38}},"239":{"start":{"line":281,"column":4},"end":{"line":287,"column":6}},"240":{"start":{"line":282,"column":8},"end":{"line":283,"column":24}},"241":{"start":{"line":283,"column":12},"end":{"line":283,"column":24}},"242":{"start":{"line":284,"column":18},"end":{"line":284,"column":36}},"243":{"start":{"line":285,"column":8},"end":{"line":285,"column":28}},"244":{"start":{"line":286,"column":8},"end":{"line":286,"column":19}},"245":{"start":{"line":288,"column":4},"end":{"line":288,"column":23}},"246":{"start":{"line":290,"column":0},"end":{"line":290,"column":34}}},"fnMap":{"0":{"name":"(anonymous_0)","decl":{"start":{"line":2,"column":42},"end":{"line":2,"column":43}},"loc":{"start":{"line":2,"column":54},"end":{"line":12,"column":1}},"line":2},"1":{"name":"(anonymous_1)","decl":{"start":{"line":3,"column":32},"end":{"line":3,"column":33}},"loc":{"start":{"line":3,"column":44},"end":{"line":10,"column":5}},"line":3},"2":{"name":"(anonymous_2)","decl":{"start":{"line":13,"column":44},"end":{"line":13,"column":45}},"loc":{"start":{"line":13,"column":89},"end":{"line":21,"column":1}},"line":13},"3":{"name":"adopt","decl":{"start":{"line":14,"column":13},"end":{"line":14,"column":18}},"loc":{"start":{"line":14,"column":26},"end":{"line":14,"column":112}},"line":14},"4":{"name":"(anonymous_4)","decl":{"start":{"line":14,"column":70},"end":{"line":14,"column":71}},"loc":{"start":{"line":14,"column":89},"end":{"line":14,"column":108}},"line":14},"5":{"name":"(anonymous_5)","decl":{"start":{"line":15,"column":36},"end":{"line":15,"column":37}},"loc":{"start":{"line":15,"column":63},"end":{"line":20,"column":5}},"line":15},"6":{"name":"fulfilled","decl":{"start":{"line":16,"column":17},"end":{"line":16,"column":26}},"loc":{"start":{"line":16,"column":34},"end":{"line":16,"column":99}},"line":16},"7":{"name":"rejected","decl":{"start":{"line":17,"column":17},"end":{"line":17,"column":25}},"loc":{"start":{"line":17,"column":33},"end":{"line":17,"column":102}},"line":17},"8":{"name":"step","decl":{"start":{"line":18,"column":17},"end":{"line":18,"column":21}},"loc":{"start":{"line":18,"column":30},"end":{"line":18,"column":118}},"line":18},"9":{"name":"(anonymous_9)","decl":{"start":{"line":22,"column":48},"end":{"line":22,"column":49}},"loc":{"start":{"line":22,"column":73},"end":{"line":48,"column":1}},"line":22},"10":{"name":"(anonymous_10)","decl":{"start":{"line":23,"column":30},"end":{"line":23,"column":31}},"loc":{"start":{"line":23,"column":41},"end":{"line":23,"column":83}},"line":23},"11":{"name":"(anonymous_11)","decl":{"start":{"line":24,"column":125},"end":{"line":24,"column":126}},"loc":{"start":{"line":24,"column":136},"end":{"line":24,"column":152}},"line":24},"12":{"name":"verb","decl":{"start":{"line":25,"column":13},"end":{"line":25,"column":17}},"loc":{"start":{"line":25,"column":21},"end":{"line":25,"column":70}},"line":25},"13":{"name":"(anonymous_13)","decl":{"start":{"line":25,"column":30},"end":{"line":25,"column":31}},"loc":{"start":{"line":25,"column":43},"end":{"line":25,"column":67}},"line":25},"14":{"name":"step","decl":{"start":{"line":26,"column":13},"end":{"line":26,"column":17}},"loc":{"start":{"line":26,"column":22},"end":{"line":47,"column":5}},"line":26},"15":{"name":"(anonymous_15)","decl":{"start":{"line":53,"column":33},"end":{"line":53,"column":34}},"loc":{"start":{"line":53,"column":45},"end":{"line":289,"column":1}},"line":53},"16":{"name":"UserService","decl":{"start":{"line":54,"column":13},"end":{"line":54,"column":24}},"loc":{"start":{"line":54,"column":35},"end":{"line":57,"column":5}},"line":54},"17":{"name":"(anonymous_17)","decl":{"start":{"line":58,"column":40},"end":{"line":58,"column":41}},"loc":{"start":{"line":58,"column":52},"end":{"line":82,"column":5}},"line":58},"18":{"name":"(anonymous_18)","decl":{"start":{"line":60,"column":27},"end":{"line":60,"column":28}},"loc":{"start":{"line":60,"column":54},"end":{"line":81,"column":13}},"line":60},"19":{"name":"(anonymous_19)","decl":{"start":{"line":60,"column":96},"end":{"line":60,"column":97}},"loc":{"start":{"line":60,"column":108},"end":{"line":81,"column":9}},"line":60},"20":{"name":"(anonymous_20)","decl":{"start":{"line":62,"column":37},"end":{"line":62,"column":38}},"loc":{"start":{"line":62,"column":51},"end":{"line":80,"column":13}},"line":62},"21":{"name":"(anonymous_21)","decl":{"start":{"line":83,"column":40},"end":{"line":83,"column":41}},"loc":{"start":{"line":83,"column":54},"end":{"line":106,"column":5}},"line":83},"22":{"name":"(anonymous_22)","decl":{"start":{"line":85,"column":27},"end":{"line":85,"column":28}},"loc":{"start":{"line":85,"column":54},"end":{"line":105,"column":13}},"line":85},"23":{"name":"(anonymous_23)","decl":{"start":{"line":85,"column":96},"end":{"line":85,"column":97}},"loc":{"start":{"line":85,"column":108},"end":{"line":105,"column":9}},"line":85},"24":{"name":"(anonymous_24)","decl":{"start":{"line":87,"column":37},"end":{"line":87,"column":38}},"loc":{"start":{"line":87,"column":51},"end":{"line":104,"column":13}},"line":87},"25":{"name":"(anonymous_25)","decl":{"start":{"line":107,"column":47},"end":{"line":107,"column":48}},"loc":{"start":{"line":107,"column":67},"end":{"line":147,"column":5}},"line":107},"26":{"name":"(anonymous_26)","decl":{"start":{"line":109,"column":27},"end":{"line":109,"column":28}},"loc":{"start":{"line":109,"column":54},"end":{"line":146,"column":13}},"line":109},"27":{"name":"(anonymous_27)","decl":{"start":{"line":109,"column":96},"end":{"line":109,"column":97}},"loc":{"start":{"line":109,"column":108},"end":{"line":146,"column":9}},"line":109},"28":{"name":"(anonymous_28)","decl":{"start":{"line":111,"column":37},"end":{"line":111,"column":38}},"loc":{"start":{"line":111,"column":51},"end":{"line":145,"column":13}},"line":111},"29":{"name":"(anonymous_29)","decl":{"start":{"line":116,"column":45},"end":{"line":116,"column":46}},"loc":{"start":{"line":116,"column":60},"end":{"line":116,"column":114}},"line":116},"30":{"name":"(anonymous_30)","decl":{"start":{"line":148,"column":49},"end":{"line":148,"column":50}},"loc":{"start":{"line":148,"column":67},"end":{"line":170,"column":5}},"line":148},"31":{"name":"(anonymous_31)","decl":{"start":{"line":150,"column":27},"end":{"line":150,"column":28}},"loc":{"start":{"line":150,"column":54},"end":{"line":169,"column":13}},"line":150},"32":{"name":"(anonymous_32)","decl":{"start":{"line":150,"column":96},"end":{"line":150,"column":97}},"loc":{"start":{"line":150,"column":108},"end":{"line":169,"column":9}},"line":150},"33":{"name":"(anonymous_33)","decl":{"start":{"line":152,"column":37},"end":{"line":152,"column":38}},"loc":{"start":{"line":152,"column":51},"end":{"line":168,"column":13}},"line":152},"34":{"name":"(anonymous_34)","decl":{"start":{"line":171,"column":45},"end":{"line":171,"column":46}},"loc":{"start":{"line":171,"column":63},"end":{"line":203,"column":5}},"line":171},"35":{"name":"(anonymous_35)","decl":{"start":{"line":173,"column":27},"end":{"line":173,"column":28}},"loc":{"start":{"line":173,"column":54},"end":{"line":202,"column":13}},"line":173},"36":{"name":"(anonymous_36)","decl":{"start":{"line":173,"column":96},"end":{"line":173,"column":97}},"loc":{"start":{"line":173,"column":108},"end":{"line":202,"column":9}},"line":173},"37":{"name":"(anonymous_37)","decl":{"start":{"line":175,"column":37},"end":{"line":175,"column":38}},"loc":{"start":{"line":175,"column":51},"end":{"line":201,"column":13}},"line":175},"38":{"name":"(anonymous_38)","decl":{"start":{"line":204,"column":39},"end":{"line":204,"column":40}},"loc":{"start":{"line":204,"column":58},"end":{"line":241,"column":5}},"line":204},"39":{"name":"(anonymous_39)","decl":{"start":{"line":206,"column":27},"end":{"line":206,"column":28}},"loc":{"start":{"line":206,"column":54},"end":{"line":240,"column":13}},"line":206},"40":{"name":"(anonymous_40)","decl":{"start":{"line":206,"column":96},"end":{"line":206,"column":97}},"loc":{"start":{"line":206,"column":108},"end":{"line":240,"column":9}},"line":206},"41":{"name":"(anonymous_41)","decl":{"start":{"line":208,"column":37},"end":{"line":208,"column":38}},"loc":{"start":{"line":208,"column":51},"end":{"line":239,"column":13}},"line":208},"42":{"name":"(anonymous_42)","decl":{"start":{"line":242,"column":39},"end":{"line":242,"column":40}},"loc":{"start":{"line":242,"column":62},"end":{"line":271,"column":5}},"line":242},"43":{"name":"(anonymous_43)","decl":{"start":{"line":244,"column":27},"end":{"line":244,"column":28}},"loc":{"start":{"line":244,"column":54},"end":{"line":270,"column":13}},"line":244},"44":{"name":"(anonymous_44)","decl":{"start":{"line":244,"column":96},"end":{"line":244,"column":97}},"loc":{"start":{"line":244,"column":108},"end":{"line":270,"column":9}},"line":244},"45":{"name":"(anonymous_45)","decl":{"start":{"line":246,"column":37},"end":{"line":246,"column":38}},"loc":{"start":{"line":246,"column":51},"end":{"line":269,"column":13}},"line":246},"46":{"name":"(anonymous_46)","decl":{"start":{"line":272,"column":39},"end":{"line":272,"column":40}},"loc":{"start":{"line":272,"column":53},"end":{"line":280,"column":5}},"line":272},"47":{"name":"(anonymous_47)","decl":{"start":{"line":274,"column":27},"end":{"line":274,"column":28}},"loc":{"start":{"line":274,"column":54},"end":{"line":279,"column":13}},"line":274},"48":{"name":"(anonymous_48)","decl":{"start":{"line":274,"column":96},"end":{"line":274,"column":97}},"loc":{"start":{"line":274,"column":108},"end":{"line":279,"column":9}},"line":274},"49":{"name":"(anonymous_49)","decl":{"start":{"line":275,"column":37},"end":{"line":275,"column":38}},"loc":{"start":{"line":275,"column":51},"end":{"line":278,"column":13}},"line":275},"50":{"name":"(anonymous_50)","decl":{"start":{"line":281,"column":43},"end":{"line":281,"column":44}},"loc":{"start":{"line":281,"column":59},"end":{"line":287,"column":5}},"line":281}},"branchMap":{"0":{"loc":{"start":{"line":2,"column":15},"end":{"line":12,"column":1}},"type":"binary-expr","locations":[{"start":{"line":2,"column":16},"end":{"line":2,"column":20}},{"start":{"line":2,"column":24},"end":{"line":2,"column":37}},{"start":{"line":2,"column":42},"end":{"line":12,"column":1}}],"line":2},"1":{"loc":{"start":{"line":3,"column":15},"end":{"line":10,"column":5}},"type":"binary-expr","locations":[{"start":{"line":3,"column":15},"end":{"line":3,"column":28}},{"start":{"line":3,"column":32},"end":{"line":10,"column":5}}],"line":3},"2":{"loc":{"start":{"line":6,"column":29},"end":{"line":7,"column":28}},"type":"if","locations":[{"start":{"line":6,"column":29},"end":{"line":7,"column":28}},{"start":{"line":6,"column":29},"end":{"line":7,"column":28}}],"line":6},"3":{"loc":{"start":{"line":13,"column":16},"end":{"line":21,"column":1}},"type":"binary-expr","locations":[{"start":{"line":13,"column":17},"end":{"line":13,"column":21}},{"start":{"line":13,"column":25},"end":{"line":13,"column":39}},{"start":{"line":13,"column":44},"end":{"line":21,"column":1}}],"line":13},"4":{"loc":{"start":{"line":14,"column":35},"end":{"line":14,"column":109}},"type":"cond-expr","locations":[{"start":{"line":14,"column":56},"end":{"line":14,"column":61}},{"start":{"line":14,"column":64},"end":{"line":14,"column":109}}],"line":14},"5":{"loc":{"start":{"line":15,"column":16},"end":{"line":15,"column":34}},"type":"binary-expr","locations":[{"start":{"line":15,"column":16},"end":{"line":15,"column":17}},{"start":{"line":15,"column":22},"end":{"line":15,"column":33}}],"line":15},"6":{"loc":{"start":{"line":18,"column":32},"end":{"line":18,"column":115}},"type":"cond-expr","locations":[{"start":{"line":18,"column":46},"end":{"line":18,"column":67}},{"start":{"line":18,"column":70},"end":{"line":18,"column":115}}],"line":18},"7":{"loc":{"start":{"line":19,"column":51},"end":{"line":19,"column":67}},"type":"binary-expr","locations":[{"start":{"line":19,"column":51},"end":{"line":19,"column":61}},{"start":{"line":19,"column":65},"end":{"line":19,"column":67}}],"line":19},"8":{"loc":{"start":{"line":22,"column":18},"end":{"line":48,"column":1}},"type":"binary-expr","locations":[{"start":{"line":22,"column":19},"end":{"line":22,"column":23}},{"start":{"line":22,"column":27},"end":{"line":22,"column":43}},{"start":{"line":22,"column":48},"end":{"line":48,"column":1}}],"line":22},"9":{"loc":{"start":{"line":23,"column":43},"end":{"line":23,"column":68}},"type":"if","locations":[{"start":{"line":23,"column":43},"end":{"line":23,"column":68}},{"start":{"line":23,"column":43},"end":{"line":23,"column":68}}],"line":23},"10":{"loc":{"start":{"line":24,"column":71},"end":{"line":24,"column":153}},"type":"binary-expr","locations":[{"start":{"line":24,"column":71},"end":{"line":24,"column":99}},{"start":{"line":24,"column":104},"end":{"line":24,"column":152}}],"line":24},"11":{"loc":{"start":{"line":27,"column":8},"end":{"line":27,"column":70}},"type":"if","locations":[{"start":{"line":27,"column":8},"end":{"line":27,"column":70}},{"start":{"line":27,"column":8},"end":{"line":27,"column":70}}],"line":27},"12":{"loc":{"start":{"line":29,"column":12},"end":{"line":29,"column":169}},"type":"if","locations":[{"start":{"line":29,"column":12},"end":{"line":29,"column":169}},{"start":{"line":29,"column":12},"end":{"line":29,"column":169}}],"line":29},"13":{"loc":{"start":{"line":29,"column":23},"end":{"line":29,"column":158}},"type":"binary-expr","locations":[{"start":{"line":29,"column":23},"end":{"line":29,"column":24}},{"start":{"line":29,"column":29},"end":{"line":29,"column":125}},{"start":{"line":29,"column":130},"end":{"line":29,"column":158}}],"line":29},"14":{"loc":{"start":{"line":29,"column":33},"end":{"line":29,"column":125}},"type":"cond-expr","locations":[{"start":{"line":29,"column":45},"end":{"line":29,"column":56}},{"start":{"line":29,"column":59},"end":{"line":29,"column":125}}],"line":29},"15":{"loc":{"start":{"line":29,"column":59},"end":{"line":29,"column":125}},"type":"cond-expr","locations":[{"start":{"line":29,"column":67},"end":{"line":29,"column":116}},{"start":{"line":29,"column":119},"end":{"line":29,"column":125}}],"line":29},"16":{"loc":{"start":{"line":29,"column":67},"end":{"line":29,"column":116}},"type":"binary-expr","locations":[{"start":{"line":29,"column":67},"end":{"line":29,"column":77}},{"start":{"line":29,"column":82},"end":{"line":29,"column":115}}],"line":29},"17":{"loc":{"start":{"line":29,"column":82},"end":{"line":29,"column":112}},"type":"binary-expr","locations":[{"start":{"line":29,"column":83},"end":{"line":29,"column":98}},{"start":{"line":29,"column":103},"end":{"line":29,"column":112}}],"line":29},"18":{"loc":{"start":{"line":30,"column":12},"end":{"line":30,"column":52}},"type":"if","locations":[{"start":{"line":30,"column":12},"end":{"line":30,"column":52}},{"start":{"line":30,"column":12},"end":{"line":30,"column":52}}],"line":30},"19":{"loc":{"start":{"line":31,"column":12},"end":{"line":43,"column":13}},"type":"switch","locations":[{"start":{"line":32,"column":16},"end":{"line":32,"column":23}},{"start":{"line":32,"column":24},"end":{"line":32,"column":46}},{"start":{"line":33,"column":16},"end":{"line":33,"column":72}},{"start":{"line":34,"column":16},"end":{"line":34,"column":65}},{"start":{"line":35,"column":16},"end":{"line":35,"column":65}},{"start":{"line":36,"column":16},"end":{"line":42,"column":43}}],"line":31},"20":{"loc":{"start":{"line":37,"column":20},"end":{"line":37,"column":128}},"type":"if","locations":[{"start":{"line":37,"column":20},"end":{"line":37,"column":128}},{"start":{"line":37,"column":20},"end":{"line":37,"column":128}}],"line":37},"21":{"loc":{"start":{"line":37,"column":24},"end":{"line":37,"column":106}},"type":"binary-expr","locations":[{"start":{"line":37,"column":24},"end":{"line":37,"column":74}},{"start":{"line":37,"column":79},"end":{"line":37,"column":90}},{"start":{"line":37,"column":94},"end":{"line":37,"column":105}}],"line":37},"22":{"loc":{"start":{"line":37,"column":42},"end":{"line":37,"column":73}},"type":"binary-expr","locations":[{"start":{"line":37,"column":42},"end":{"line":37,"column":54}},{"start":{"line":37,"column":58},"end":{"line":37,"column":73}}],"line":37},"23":{"loc":{"start":{"line":38,"column":20},"end":{"line":38,"column":106}},"type":"if","locations":[{"start":{"line":38,"column":20},"end":{"line":38,"column":106}},{"start":{"line":38,"column":20},"end":{"line":38,"column":106}}],"line":38},"24":{"loc":{"start":{"line":38,"column":24},"end":{"line":38,"column":77}},"type":"binary-expr","locations":[{"start":{"line":38,"column":24},"end":{"line":38,"column":35}},{"start":{"line":38,"column":40},"end":{"line":38,"column":42}},{"start":{"line":38,"column":47},"end":{"line":38,"column":59}},{"start":{"line":38,"column":63},"end":{"line":38,"column":75}}],"line":38},"25":{"loc":{"start":{"line":39,"column":20},"end":{"line":39,"column":89}},"type":"if","locations":[{"start":{"line":39,"column":20},"end":{"line":39,"column":89}},{"start":{"line":39,"column":20},"end":{"line":39,"column":89}}],"line":39},"26":{"loc":{"start":{"line":39,"column":24},"end":{"line":39,"column":53}},"type":"binary-expr","locations":[{"start":{"line":39,"column":24},"end":{"line":39,"column":35}},{"start":{"line":39,"column":39},"end":{"line":39,"column":53}}],"line":39},"27":{"loc":{"start":{"line":40,"column":20},"end":{"line":40,"column":87}},"type":"if","locations":[{"start":{"line":40,"column":20},"end":{"line":40,"column":87}},{"start":{"line":40,"column":20},"end":{"line":40,"column":87}}],"line":40},"28":{"loc":{"start":{"line":40,"column":24},"end":{"line":40,"column":43}},"type":"binary-expr","locations":[{"start":{"line":40,"column":24},"end":{"line":40,"column":25}},{"start":{"line":40,"column":29},"end":{"line":40,"column":43}}],"line":40},"29":{"loc":{"start":{"line":41,"column":20},"end":{"line":41,"column":42}},"type":"if","locations":[{"start":{"line":41,"column":20},"end":{"line":41,"column":42}},{"start":{"line":41,"column":20},"end":{"line":41,"column":42}}],"line":41},"30":{"loc":{"start":{"line":46,"column":8},"end":{"line":46,"column":35}},"type":"if","locations":[{"start":{"line":46,"column":8},"end":{"line":46,"column":35}},{"start":{"line":46,"column":8},"end":{"line":46,"column":35}}],"line":46},"31":{"loc":{"start":{"line":46,"column":52},"end":{"line":46,"column":74}},"type":"cond-expr","locations":[{"start":{"line":46,"column":60},"end":{"line":46,"column":65}},{"start":{"line":46,"column":68},"end":{"line":46,"column":74}}],"line":46},"32":{"loc":{"start":{"line":63,"column":16},"end":{"line":79,"column":17}},"type":"switch","locations":[{"start":{"line":64,"column":20},"end":{"line":66,"column":69}},{"start":{"line":67,"column":20},"end":{"line":78,"column":46}}],"line":63},"33":{"loc":{"start":{"line":73,"column":24},"end":{"line":76,"column":25}},"type":"if","locations":[{"start":{"line":73,"column":24},"end":{"line":76,"column":25}},{"start":{"line":73,"column":24},"end":{"line":76,"column":25}}],"line":73},"34":{"loc":{"start":{"line":88,"column":16},"end":{"line":103,"column":17}},"type":"switch","locations":[{"start":{"line":89,"column":20},"end":{"line":94,"column":72}},{"start":{"line":95,"column":20},"end":{"line":102,"column":46}}],"line":88},"35":{"loc":{"start":{"line":90,"column":24},"end":{"line":92,"column":25}},"type":"if","locations":[{"start":{"line":90,"column":24},"end":{"line":92,"column":25}},{"start":{"line":90,"column":24},"end":{"line":92,"column":25}}],"line":90},"36":{"loc":{"start":{"line":97,"column":24},"end":{"line":100,"column":25}},"type":"if","locations":[{"start":{"line":97,"column":24},"end":{"line":100,"column":25}},{"start":{"line":97,"column":24},"end":{"line":100,"column":25}}],"line":97},"37":{"loc":{"start":{"line":112,"column":16},"end":{"line":144,"column":17}},"type":"switch","locations":[{"start":{"line":113,"column":20},"end":{"line":123,"column":69}},{"start":{"line":124,"column":20},"end":{"line":124,"column":81}},{"start":{"line":125,"column":20},"end":{"line":131,"column":89}},{"start":{"line":132,"column":20},"end":{"line":138,"column":48}},{"start":{"line":139,"column":20},"end":{"line":142,"column":48}},{"start":{"line":143,"column":20},"end":{"line":143,"column":50}}],"line":112},"38":{"loc":{"start":{"line":116,"column":24},"end":{"line":118,"column":25}},"type":"if","locations":[{"start":{"line":116,"column":24},"end":{"line":118,"column":25}},{"start":{"line":116,"column":24},"end":{"line":118,"column":25}}],"line":116},"39":{"loc":{"start":{"line":121,"column":24},"end":{"line":121,"column":69}},"type":"if","locations":[{"start":{"line":121,"column":24},"end":{"line":121,"column":69}},{"start":{"line":121,"column":24},"end":{"line":121,"column":69}}],"line":121},"40":{"loc":{"start":{"line":127,"column":24},"end":{"line":129,"column":25}},"type":"if","locations":[{"start":{"line":127,"column":24},"end":{"line":129,"column":25}},{"start":{"line":127,"column":24},"end":{"line":129,"column":25}}],"line":127},"41":{"loc":{"start":{"line":134,"column":24},"end":{"line":136,"column":25}},"type":"if","locations":[{"start":{"line":134,"column":24},"end":{"line":136,"column":25}},{"start":{"line":134,"column":24},"end":{"line":136,"column":25}}],"line":134},"42":{"loc":{"start":{"line":153,"column":16},"end":{"line":167,"column":17}},"type":"switch","locations":[{"start":{"line":154,"column":20},"end":{"line":157,"column":89}},{"start":{"line":158,"column":20},"end":{"line":161,"column":48}},{"start":{"line":162,"column":20},"end":{"line":165,"column":48}},{"start":{"line":166,"column":20},"end":{"line":166,"column":50}}],"line":153},"43":{"loc":{"start":{"line":176,"column":16},"end":{"line":200,"column":17}},"type":"switch","locations":[{"start":{"line":177,"column":20},"end":{"line":182,"column":37}},{"start":{"line":183,"column":20},"end":{"line":185,"column":89}},{"start":{"line":186,"column":20},"end":{"line":188,"column":48}},{"start":{"line":189,"column":20},"end":{"line":192,"column":48}},{"start":{"line":193,"column":20},"end":{"line":199,"column":46}}],"line":176},"44":{"loc":{"start":{"line":178,"column":24},"end":{"line":181,"column":25}},"type":"if","locations":[{"start":{"line":178,"column":24},"end":{"line":181,"column":25}},{"start":{"line":178,"column":24},"end":{"line":181,"column":25}}],"line":178},"45":{"loc":{"start":{"line":194,"column":24},"end":{"line":197,"column":25}},"type":"if","locations":[{"start":{"line":194,"column":24},"end":{"line":197,"column":25}},{"start":{"line":194,"column":24},"end":{"line":197,"column":25}}],"line":194},"46":{"loc":{"start":{"line":209,"column":16},"end":{"line":238,"column":17}},"type":"switch","locations":[{"start":{"line":210,"column":20},"end":{"line":225,"column":37}},{"start":{"line":226,"column":20},"end":{"line":228,"column":74}},{"start":{"line":229,"column":20},"end":{"line":232,"column":48}},{"start":{"line":233,"column":20},"end":{"line":236,"column":48}},{"start":{"line":237,"column":20},"end":{"line":237,"column":50}}],"line":209},"47":{"loc":{"start":{"line":211,"column":24},"end":{"line":214,"column":25}},"type":"if","locations":[{"start":{"line":211,"column":24},"end":{"line":214,"column":25}},{"start":{"line":211,"column":24},"end":{"line":214,"column":25}}],"line":211},"48":{"loc":{"start":{"line":216,"column":24},"end":{"line":219,"column":25}},"type":"if","locations":[{"start":{"line":216,"column":24},"end":{"line":219,"column":25}},{"start":{"line":216,"column":24},"end":{"line":219,"column":25}}],"line":216},"49":{"loc":{"start":{"line":221,"column":24},"end":{"line":224,"column":25}},"type":"if","locations":[{"start":{"line":221,"column":24},"end":{"line":224,"column":25}},{"start":{"line":221,"column":24},"end":{"line":224,"column":25}}],"line":221},"50":{"loc":{"start":{"line":247,"column":16},"end":{"line":268,"column":17}},"type":"switch","locations":[{"start":{"line":248,"column":20},"end":{"line":253,"column":37}},{"start":{"line":254,"column":20},"end":{"line":258,"column":80}},{"start":{"line":259,"column":20},"end":{"line":262,"column":48}},{"start":{"line":263,"column":20},"end":{"line":266,"column":48}},{"start":{"line":267,"column":20},"end":{"line":267,"column":50}}],"line":247},"51":{"loc":{"start":{"line":249,"column":24},"end":{"line":252,"column":25}},"type":"if","locations":[{"start":{"line":249,"column":24},"end":{"line":252,"column":25}},{"start":{"line":249,"column":24},"end":{"line":252,"column":25}}],"line":249},"52":{"loc":{"start":{"line":282,"column":8},"end":{"line":283,"column":24}},"type":"if","locations":[{"start":{"line":282,"column":8},"end":{"line":283,"column":24}},{"start":{"line":282,"column":8},"end":{"line":283,"column":24}}],"line":282},"53":{"loc":{"start":{"line":282,"column":12},"end":{"line":282,"column":35}},"type":"binary-expr","locations":[{"start":{"line":282,"column":12},"end":{"line":282,"column":17}},{"start":{"line":282,"column":21},"end":{"line":282,"column":35}}],"line":282}},"s":{"0":1,"1":1,"2":0,"3":0,"4":0,"5":0,"6":0,"7":0,"8":0,"9":0,"10":1,"11":1,"12":16,"13":0,"14":36,"15":6,"16":6,"17":0,"18":6,"19":6,"20":0,"21":48,"22":36,"23":1,"24":36,"25":18,"26":6,"27":12,"28":36,"29":0,"30":108,"31":48,"32":48,"33":0,"34":48,"35":130,"36":130,"37":0,"38":130,"39":0,"40":130,"41":48,"42":48,"43":16,"44":16,"45":0,"46":0,"47":0,"48":0,"49":0,"50":0,"51":0,"52":66,"53":32,"54":32,"55":34,"56":15,"57":15,"58":19,"59":6,"60":6,"61":6,"62":13,"63":0,"64":0,"65":0,"66":13,"67":0,"68":13,"69":13,"70":69,"71":6,"72":6,"73":130,"74":32,"75":0,"76":32,"77":1,"78":1,"79":1,"80":1,"81":1,"82":34,"83":34,"84":1,"85":1,"86":1,"87":1,"88":1,"89":2,"90":1,"91":1,"92":1,"93":1,"94":5,"95":5,"96":1,"97":0,"98":0,"99":1,"100":1,"101":1,"102":2,"103":2,"104":2,"105":2,"106":3,"107":2,"108":1,"109":1,"110":1,"111":1,"112":1,"113":0,"114":0,"115":1,"116":1,"117":1,"118":7,"119":7,"120":7,"121":7,"122":12,"123":7,"124":7,"125":7,"126":6,"127":2,"128":5,"129":5,"130":5,"131":5,"132":0,"133":0,"134":0,"135":5,"136":1,"137":4,"138":4,"139":0,"140":0,"141":0,"142":0,"143":0,"144":0,"145":0,"146":0,"147":0,"148":1,"149":3,"150":3,"151":3,"152":3,"153":9,"154":3,"155":3,"156":3,"157":3,"158":3,"159":3,"160":0,"161":0,"162":0,"163":3,"164":1,"165":0,"166":0,"167":0,"168":0,"169":0,"170":0,"171":0,"172":0,"173":0,"174":0,"175":0,"176":0,"177":0,"178":0,"179":0,"180":0,"181":0,"182":0,"183":0,"184":0,"185":0,"186":1,"187":9,"188":9,"189":9,"190":9,"191":9,"192":9,"193":5,"194":5,"195":4,"196":4,"197":4,"198":4,"199":0,"200":0,"201":0,"202":0,"203":0,"204":0,"205":0,"206":0,"207":0,"208":0,"209":0,"210":0,"211":0,"212":0,"213":1,"214":14,"215":14,"216":14,"217":14,"218":34,"219":14,"220":7,"221":7,"222":7,"223":7,"224":7,"225":7,"226":7,"227":1,"228":6,"229":6,"230":6,"231":7,"232":1,"233":0,"234":0,"235":0,"236":0,"237":0,"238":0,"239":1,"240":6,"241":1,"242":5,"243":5,"244":5,"245":1,"246":1},"f":{"0":1,"1":0,"2":36,"3":16,"4":0,"5":36,"6":6,"7":6,"8":48,"9":36,"10":18,"11":0,"12":108,"13":48,"14":48,"15":1,"16":34,"17":1,"18":1,"19":1,"20":2,"21":2,"22":2,"23":2,"24":3,"25":7,"26":7,"27":7,"28":12,"29":6,"30":3,"31":3,"32":3,"33":9,"34":0,"35":0,"36":0,"37":0,"38":9,"39":9,"40":9,"41":9,"42":14,"43":14,"44":14,"45":34,"46":0,"47":0,"48":0,"49":0,"50":6},"b":{"0":[1,1,1],"1":[1,0],"2":[0,0],"3":[1,1,1],"4":[16,0],"5":[36,36],"6":[32,16],"7":[36,36],"8":[1,1,1],"9":[6,12],"10":[36,36],"11":[0,48],"12":[0,130],"13":[130,0,0],"14":[0,0],"15":[0,0],"16":[0,0],"17":[0,0],"18":[0,130],"19":[42,48,16,0,0,66],"20":[32,34],"21":[66,42,42],"22":[66,24],"23":[15,19],"24":[34,25,15,15],"25":[6,13],"26":[19,6],"27":[0,13],"28":[13,13],"29":[0,13],"30":[0,32],"31":[32,0],"32":[1,1],"33":[0,1],"34":[2,1],"35":[1,1],"36":[0,1],"37":[7,0,5,0,0,0],"38":[2,5],"39":[5,0],"40":[1,4],"41":[0,0],"42":[3,3,0,3],"43":[0,0,0,0,0],"44":[0,0],"45":[0,0],"46":[9,0,0,0,0],"47":[5,4],"48":[4,0],"49":[0,0],"50":[14,7,7,6,7],"51":[7,7],"52":[1,5],"53":[6,6]},"_coverageSchema":"1a1c01bbd47fc00a2c39e90264f33305004495a9","hash":"7e9e3385c8802a4b9c6f8a802e558adbc9e1b042"}
,"C:\\Users\\Bostikpc\\repos\\rev-repos\\200406-java-react-usf\\Josef_Bostik_p0\\build\\util\\validator.js": {"path":"C:\\Users\\Bostikpc\\repos\\rev-repos\\200406-java-react-usf\\Josef_Bostik_p0\\build\\util\\validator.js","statementMap":{"0":{"start":{"line":2,"column":0},"end":{"line":2,"column":62}},"1":{"start":{"line":3,"column":0},"end":{"line":5,"column":2}},"2":{"start":{"line":4,"column":4},"end":{"line":4,"column":78}},"3":{"start":{"line":6,"column":0},"end":{"line":12,"column":2}},"4":{"start":{"line":7,"column":15},"end":{"line":7,"column":17}},"5":{"start":{"line":8,"column":4},"end":{"line":10,"column":5}},"6":{"start":{"line":8,"column":18},"end":{"line":8,"column":19}},"7":{"start":{"line":9,"column":8},"end":{"line":9,"column":33}},"8":{"start":{"line":11,"column":4},"end":{"line":11,"column":97}},"9":{"start":{"line":11,"column":41},"end":{"line":11,"column":80}},"10":{"start":{"line":13,"column":0},"end":{"line":23,"column":2}},"11":{"start":{"line":14,"column":24},"end":{"line":14,"column":26}},"12":{"start":{"line":15,"column":4},"end":{"line":17,"column":5}},"13":{"start":{"line":15,"column":18},"end":{"line":15,"column":19}},"14":{"start":{"line":16,"column":8},"end":{"line":16,"column":46}},"15":{"start":{"line":18,"column":4},"end":{"line":22,"column":7}},"16":{"start":{"line":19,"column":8},"end":{"line":20,"column":24}},"17":{"start":{"line":20,"column":12},"end":{"line":20,"column":24}},"18":{"start":{"line":21,"column":8},"end":{"line":21,"column":24}},"19":{"start":{"line":24,"column":0},"end":{"line":39,"column":2}},"20":{"start":{"line":25,"column":4},"end":{"line":27,"column":5}},"21":{"start":{"line":26,"column":8},"end":{"line":26,"column":21}},"22":{"start":{"line":28,"column":22},"end":{"line":30,"column":5}},"23":{"start":{"line":29,"column":8},"end":{"line":29,"column":26}},"24":{"start":{"line":32,"column":4},"end":{"line":37,"column":5}},"25":{"start":{"line":33,"column":8},"end":{"line":33,"column":41}},"26":{"start":{"line":36,"column":8},"end":{"line":36,"column":21}},"27":{"start":{"line":38,"column":4},"end":{"line":38,"column":52}},"28":{"start":{"line":40,"column":0},"end":{"line":44,"column":2}}},"fnMap":{"0":{"name":"(anonymous_0)","decl":{"start":{"line":3,"column":20},"end":{"line":3,"column":21}},"loc":{"start":{"line":3,"column":34},"end":{"line":5,"column":1}},"line":3},"1":{"name":"(anonymous_1)","decl":{"start":{"line":6,"column":25},"end":{"line":6,"column":26}},"loc":{"start":{"line":6,"column":37},"end":{"line":12,"column":1}},"line":6},"2":{"name":"(anonymous_2)","decl":{"start":{"line":11,"column":24},"end":{"line":11,"column":25}},"loc":{"start":{"line":11,"column":39},"end":{"line":11,"column":82}},"line":11},"3":{"name":"(anonymous_3)","decl":{"start":{"line":13,"column":24},"end":{"line":13,"column":25}},"loc":{"start":{"line":13,"column":39},"end":{"line":23,"column":1}},"line":13},"4":{"name":"(anonymous_4)","decl":{"start":{"line":18,"column":41},"end":{"line":18,"column":42}},"loc":{"start":{"line":18,"column":56},"end":{"line":22,"column":5}},"line":18},"5":{"name":"(anonymous_5)","decl":{"start":{"line":24,"column":23},"end":{"line":24,"column":24}},"loc":{"start":{"line":24,"column":45},"end":{"line":39,"column":1}},"line":24},"6":{"name":"(anonymous_6)","decl":{"start":{"line":28,"column":22},"end":{"line":28,"column":23}},"loc":{"start":{"line":28,"column":38},"end":{"line":30,"column":5}},"line":28}},"branchMap":{"0":{"loc":{"start":{"line":4,"column":14},"end":{"line":4,"column":76}},"type":"binary-expr","locations":[{"start":{"line":4,"column":14},"end":{"line":4,"column":16}},{"start":{"line":4,"column":20},"end":{"line":4,"column":42}},{"start":{"line":4,"column":46},"end":{"line":4,"column":66}},{"start":{"line":4,"column":70},"end":{"line":4,"column":76}}],"line":4},"1":{"loc":{"start":{"line":11,"column":48},"end":{"line":11,"column":79}},"type":"binary-expr","locations":[{"start":{"line":11,"column":48},"end":{"line":11,"column":52}},{"start":{"line":11,"column":56},"end":{"line":11,"column":79}}],"line":11},"2":{"loc":{"start":{"line":18,"column":11},"end":{"line":22,"column":6}},"type":"binary-expr","locations":[{"start":{"line":18,"column":11},"end":{"line":18,"column":14}},{"start":{"line":18,"column":18},"end":{"line":22,"column":6}}],"line":18},"3":{"loc":{"start":{"line":19,"column":8},"end":{"line":20,"column":24}},"type":"if","locations":[{"start":{"line":19,"column":8},"end":{"line":20,"column":24}},{"start":{"line":19,"column":8},"end":{"line":20,"column":24}}],"line":19},"4":{"loc":{"start":{"line":25,"column":4},"end":{"line":27,"column":5}},"type":"if","locations":[{"start":{"line":25,"column":4},"end":{"line":27,"column":5}},{"start":{"line":25,"column":4},"end":{"line":27,"column":5}}],"line":25},"5":{"loc":{"start":{"line":25,"column":8},"end":{"line":25,"column":22}},"type":"binary-expr","locations":[{"start":{"line":25,"column":8},"end":{"line":25,"column":13}},{"start":{"line":25,"column":17},"end":{"line":25,"column":22}}],"line":25}},"s":{"0":1,"1":1,"2":2,"3":1,"4":5,"5":5,"6":5,"7":5,"8":5,"9":5,"10":1,"11":23,"12":23,"13":23,"14":9,"15":23,"16":119,"17":8,"18":111,"19":1,"20":6,"21":0,"22":6,"23":6,"24":6,"25":6,"26":0,"27":6,"28":1},"f":{"0":2,"1":5,"2":5,"3":23,"4":119,"5":6,"6":6},"b":{"0":[2,2,2,2],"1":[5,4],"2":[23,21],"3":[8,111],"4":[0,6],"5":[6,6]},"_coverageSchema":"1a1c01bbd47fc00a2c39e90264f33305004495a9","hash":"2adf9de18cbd38abc413f1203a454ac4f37cd6d6"}
}
