TN:
SF:build\config\app.js
FN:5,(anonymous_0)
FN:6,UserInstance
FN:8,(anonymous_2)
FNF:3
FNH:3
FNDA:1,(anonymous_0)
FNDA:1,UserInstance
FNDA:34,(anonymous_2)
DA:2,1
DA:3,1
DA:4,1
DA:5,1
DA:8,1
DA:9,34
DA:10,34
DA:11,34
DA:13,1
DA:15,1
LF:10
LH:10
BRF:0
BRH:0
end_of_record
TN:
SF:build\data\user_db.js
FNF:0
FNH:0
DA:2,1
DA:3,1
DA:4,1
DA:5,1
LF:4
LH:4
BRF:0
BRH:0
end_of_record
TN:
SF:build\errors\errors.js
FN:2,(anonymous_0)
FN:3,(anonymous_1)
FN:5,(anonymous_2)
FN:6,(anonymous_3)
FN:9,(anonymous_4)
FN:11,__
FN:16,(anonymous_6)
FN:17,ApplicationError
FN:21,(anonymous_8)
FN:26,(anonymous_9)
FN:28,ResourcePersistenceError
FN:36,(anonymous_11)
FN:38,ResourceNotFoundError
FN:46,(anonymous_13)
FN:48,BadRequestError
FN:56,(anonymous_15)
FN:58,AuthenticationError
FN:66,(anonymous_17)
FN:68,NotImplementedError
FNF:19
FNH:15
FNDA:1,(anonymous_0)
FNDA:1,(anonymous_1)
FNDA:0,(anonymous_2)
FNDA:0,(anonymous_3)
FNDA:5,(anonymous_4)
FNDA:5,__
FNDA:1,(anonymous_6)
FNDA:26,ApplicationError
FNDA:26,(anonymous_8)
FNDA:1,(anonymous_9)
FNDA:7,ResourcePersistenceError
FNDA:1,(anonymous_11)
FNDA:1,ResourceNotFoundError
FNDA:1,(anonymous_13)
FNDA:18,BadRequestError
FNDA:1,(anonymous_15)
FNDA:0,AuthenticationError
FNDA:1,(anonymous_17)
FNDA:0,NotImplementedError
DA:2,1
DA:3,1
DA:4,1
DA:5,0
DA:6,0
DA:7,1
DA:9,1
DA:10,5
DA:11,5
DA:12,5
DA:15,1
DA:16,1
DA:18,26
DA:19,26
DA:21,1
DA:22,26
DA:24,1
DA:26,1
DA:27,1
DA:29,7
DA:30,7
DA:31,7
DA:33,1
DA:35,1
DA:36,1
DA:37,1
DA:39,1
DA:40,1
DA:41,1
DA:43,1
DA:45,1
DA:46,1
DA:47,1
DA:49,18
DA:50,18
DA:51,18
DA:53,1
DA:55,1
DA:56,1
DA:57,1
DA:59,0
DA:60,0
DA:61,0
DA:63,1
DA:65,1
DA:66,1
DA:67,1
DA:69,0
DA:70,0
DA:71,0
DA:73,1
DA:75,1
LF:52
LH:44
BRDA:2,0,0,1
BRDA:2,0,1,1
BRDA:2,0,2,1
BRDA:4,1,0,1
BRDA:4,1,1,0
BRDA:4,1,2,0
BRDA:4,1,3,0
BRDA:6,2,0,0
BRDA:6,2,1,0
BRDA:12,3,0,0
BRDA:12,3,1,5
BRDA:19,4,0,22
BRDA:19,4,1,4
BRDA:29,5,0,7
BRDA:29,5,1,7
BRDA:39,6,0,1
BRDA:39,6,1,1
BRDA:49,7,0,18
BRDA:49,7,1,18
BRDA:59,8,0,0
BRDA:59,8,1,0
BRDA:69,9,0,0
BRDA:69,9,1,0
BRF:23
BRH:13
end_of_record
TN:
SF:build\models\user.js
FN:14,(anonymous_0)
FN:15,User
FNF:2
FNH:2
FNDA:1,(anonymous_0)
FNDA:32,User
DA:13,1
DA:14,1
DA:16,32
DA:17,32
DA:18,32
DA:19,32
DA:20,32
DA:21,32
DA:22,32
DA:24,1
DA:26,1
LF:11
LH:11
BRF:0
BRH:0
end_of_record
TN:
SF:build\repos\user_repo.js
FN:12,(anonymous_0)
FN:13,(anonymous_1)
FN:23,(anonymous_2)
FN:30,(anonymous_3)
FN:31,UserRepository
FN:33,(anonymous_5)
FN:34,(anonymous_6)
FN:35,(anonymous_7)
FN:49,(anonymous_8)
FN:51,(anonymous_9)
FN:55,(anonymous_10)
FN:56,(anonymous_11)
FN:66,(anonymous_12)
FN:67,(anonymous_13)
FN:68,(anonymous_14)
FN:69,(anonymous_15)
FN:74,(anonymous_16)
FN:75,(anonymous_17)
FN:76,(anonymous_18)
FN:77,(anonymous_19)
FN:82,(anonymous_20)
FN:84,(anonymous_21)
FN:89,(anonymous_22)
FN:90,(anonymous_23)
FN:95,(anonymous_24)
FN:106,(anonymous_25)
FN:107,(anonymous_26)
FN:112,(anonymous_27)
FN:113,(anonymous_28)
FN:122,(anonymous_29)
FN:137,(anonymous_30)
FN:138,(anonymous_31)
FN:145,(anonymous_32)
FNF:33
FNH:23
FNDA:1,(anonymous_0)
FNDA:0,(anonymous_1)
FNDA:2,(anonymous_2)
FNDA:1,(anonymous_3)
FNDA:34,UserRepository
FNDA:1,(anonymous_5)
FNDA:1,(anonymous_6)
FNDA:1,(anonymous_7)
FNDA:1,(anonymous_8)
FNDA:1,(anonymous_9)
FNDA:1,(anonymous_10)
FNDA:1,(anonymous_11)
FNDA:4,(anonymous_12)
FNDA:4,(anonymous_13)
FNDA:0,(anonymous_14)
FNDA:0,(anonymous_15)
FNDA:3,(anonymous_16)
FNDA:3,(anonymous_17)
FNDA:3,(anonymous_18)
FNDA:11,(anonymous_19)
FNDA:0,(anonymous_20)
FNDA:0,(anonymous_21)
FNDA:0,(anonymous_22)
FNDA:0,(anonymous_23)
FNDA:0,(anonymous_24)
FNDA:7,(anonymous_25)
FNDA:7,(anonymous_26)
FNDA:5,(anonymous_27)
FNDA:9,(anonymous_28)
FNDA:10,(anonymous_29)
FNDA:0,(anonymous_30)
FNDA:0,(anonymous_31)
FNDA:1,(anonymous_32)
DA:12,1
DA:13,1
DA:14,0
DA:15,0
DA:16,0
DA:17,0
DA:19,0
DA:21,1
DA:23,1
DA:24,2
DA:26,1
DA:27,1
DA:28,1
DA:29,1
DA:30,1
DA:33,1
DA:34,1
DA:35,1
DA:36,1
DA:37,1
DA:38,5
DA:39,5
DA:41,1
DA:42,0
DA:43,0
DA:45,1
DA:49,1
DA:50,1
DA:51,1
DA:52,1
DA:53,0
DA:55,1
DA:56,1
DA:57,1
DA:58,0
DA:59,0
DA:61,1
DA:66,1
DA:67,4
DA:68,4
DA:69,0
DA:70,0
DA:74,1
DA:75,3
DA:76,3
DA:77,11
DA:78,3
DA:82,1
DA:83,0
DA:84,0
DA:85,0
DA:86,0
DA:87,0
DA:89,0
DA:90,0
DA:91,0
DA:92,0
DA:93,0
DA:95,0
DA:96,0
DA:97,0
DA:98,0
DA:100,0
DA:101,0
DA:102,0
DA:106,1
DA:107,7
DA:108,7
DA:109,2
DA:110,2
DA:112,5
DA:113,9
DA:114,5
DA:115,1
DA:116,1
DA:118,4
DA:119,2
DA:120,2
DA:122,2
DA:123,10
DA:124,2
DA:125,8
DA:127,2
DA:128,1
DA:129,1
DA:131,1
DA:132,1
DA:137,1
DA:138,0
DA:139,0
DA:140,0
DA:142,0
DA:145,1
DA:146,1
DA:147,1
DA:148,1
DA:150,1
DA:152,1
LF:98
LH:65
BRDA:12,0,0,1
BRDA:12,0,1,1
BRDA:12,0,2,1
BRDA:13,1,0,1
BRDA:13,1,1,0
BRDA:16,2,0,0
BRDA:16,2,1,0
BRDA:23,3,0,1
BRDA:23,3,1,1
BRDA:23,3,2,1
BRDA:24,4,0,2
BRDA:24,4,1,0
BRDA:24,5,0,2
BRDA:24,5,1,2
BRDA:41,6,0,0
BRDA:41,6,1,1
BRDA:52,7,0,0
BRDA:52,7,1,1
BRDA:57,8,0,0
BRDA:57,8,1,1
BRDA:77,9,0,11
BRDA:77,9,1,2
BRDA:85,10,0,0
BRDA:85,10,1,0
BRDA:91,11,0,0
BRDA:91,11,1,0
BRDA:96,12,0,0
BRDA:96,12,1,0
BRDA:108,13,0,2
BRDA:108,13,1,5
BRDA:108,14,0,7
BRDA:108,14,1,7
BRDA:114,15,0,1
BRDA:114,15,1,4
BRDA:118,16,0,2
BRDA:118,16,1,2
BRDA:123,17,0,2
BRDA:123,17,1,8
BRDA:127,18,0,1
BRDA:127,18,1,1
BRDA:139,19,0,0
BRDA:139,19,1,0
BRF:42
BRH:27
end_of_record
TN:
SF:build\services\user_service.js
FN:2,(anonymous_0)
FN:3,(anonymous_1)
FN:13,(anonymous_2)
FN:14,adopt
FN:14,(anonymous_4)
FN:15,(anonymous_5)
FN:16,fulfilled
FN:17,rejected
FN:18,step
FN:22,(anonymous_9)
FN:23,(anonymous_10)
FN:24,(anonymous_11)
FN:25,verb
FN:25,(anonymous_13)
FN:26,step
FN:53,(anonymous_15)
FN:54,UserService
FN:58,(anonymous_17)
FN:60,(anonymous_18)
FN:60,(anonymous_19)
FN:62,(anonymous_20)
FN:83,(anonymous_21)
FN:85,(anonymous_22)
FN:85,(anonymous_23)
FN:87,(anonymous_24)
FN:107,(anonymous_25)
FN:109,(anonymous_26)
FN:109,(anonymous_27)
FN:111,(anonymous_28)
FN:116,(anonymous_29)
FN:148,(anonymous_30)
FN:150,(anonymous_31)
FN:150,(anonymous_32)
FN:152,(anonymous_33)
FN:171,(anonymous_34)
FN:173,(anonymous_35)
FN:173,(anonymous_36)
FN:175,(anonymous_37)
FN:204,(anonymous_38)
FN:206,(anonymous_39)
FN:206,(anonymous_40)
FN:208,(anonymous_41)
FN:242,(anonymous_42)
FN:244,(anonymous_43)
FN:244,(anonymous_44)
FN:246,(anonymous_45)
FN:272,(anonymous_46)
FN:274,(anonymous_47)
FN:274,(anonymous_48)
FN:275,(anonymous_49)
FN:281,(anonymous_50)
FNF:51
FNH:40
FNDA:1,(anonymous_0)
FNDA:0,(anonymous_1)
FNDA:36,(anonymous_2)
FNDA:16,adopt
FNDA:0,(anonymous_4)
FNDA:36,(anonymous_5)
FNDA:6,fulfilled
FNDA:6,rejected
FNDA:48,step
FNDA:36,(anonymous_9)
FNDA:18,(anonymous_10)
FNDA:0,(anonymous_11)
FNDA:108,verb
FNDA:48,(anonymous_13)
FNDA:48,step
FNDA:1,(anonymous_15)
FNDA:34,UserService
FNDA:1,(anonymous_17)
FNDA:1,(anonymous_18)
FNDA:1,(anonymous_19)
FNDA:2,(anonymous_20)
FNDA:2,(anonymous_21)
FNDA:2,(anonymous_22)
FNDA:2,(anonymous_23)
FNDA:3,(anonymous_24)
FNDA:7,(anonymous_25)
FNDA:7,(anonymous_26)
FNDA:7,(anonymous_27)
FNDA:12,(anonymous_28)
FNDA:6,(anonymous_29)
FNDA:3,(anonymous_30)
FNDA:3,(anonymous_31)
FNDA:3,(anonymous_32)
FNDA:9,(anonymous_33)
FNDA:0,(anonymous_34)
FNDA:0,(anonymous_35)
FNDA:0,(anonymous_36)
FNDA:0,(anonymous_37)
FNDA:9,(anonymous_38)
FNDA:9,(anonymous_39)
FNDA:9,(anonymous_40)
FNDA:9,(anonymous_41)
FNDA:14,(anonymous_42)
FNDA:14,(anonymous_43)
FNDA:14,(anonymous_44)
FNDA:34,(anonymous_45)
FNDA:0,(anonymous_46)
FNDA:0,(anonymous_47)
FNDA:0,(anonymous_48)
FNDA:0,(anonymous_49)
FNDA:6,(anonymous_50)
DA:2,1
DA:3,1
DA:4,0
DA:5,0
DA:6,0
DA:7,0
DA:9,0
DA:11,1
DA:13,1
DA:14,16
DA:15,36
DA:16,6
DA:17,6
DA:18,48
DA:19,36
DA:22,1
DA:23,36
DA:24,36
DA:25,108
DA:27,48
DA:28,130
DA:29,130
DA:30,130
DA:31,130
DA:32,48
DA:33,16
DA:34,0
DA:35,0
DA:37,66
DA:38,34
DA:39,19
DA:40,13
DA:41,13
DA:42,13
DA:44,69
DA:45,130
DA:46,32
DA:49,1
DA:50,1
DA:51,1
DA:52,1
DA:53,1
DA:55,34
DA:56,34
DA:58,1
DA:59,1
DA:60,1
DA:62,1
DA:63,2
DA:65,1
DA:66,1
DA:68,1
DA:69,1
DA:70,5
DA:71,5
DA:73,1
DA:74,0
DA:75,0
DA:77,1
DA:78,1
DA:83,1
DA:84,2
DA:85,2
DA:87,2
DA:88,3
DA:90,2
DA:91,1
DA:93,1
DA:94,1
DA:96,1
DA:97,1
DA:98,0
DA:99,0
DA:101,1
DA:102,1
DA:107,1
DA:108,7
DA:109,7
DA:111,7
DA:112,12
DA:114,7
DA:115,7
DA:116,7
DA:117,2
DA:119,5
DA:120,5
DA:121,5
DA:122,0
DA:123,0
DA:124,0
DA:127,5
DA:128,1
DA:130,4
DA:131,4
DA:133,0
DA:134,0
DA:135,0
DA:137,0
DA:138,0
DA:140,0
DA:141,0
DA:142,0
DA:143,0
DA:148,1
DA:149,3
DA:150,3
DA:152,3
DA:153,9
DA:155,3
DA:156,3
DA:157,3
DA:159,3
DA:160,3
DA:161,3
DA:163,0
DA:164,0
DA:165,0
DA:166,3
DA:171,1
DA:172,0
DA:173,0
DA:175,0
DA:176,0
DA:178,0
DA:179,0
DA:180,0
DA:182,0
DA:184,0
DA:185,0
DA:187,0
DA:188,0
DA:190,0
DA:191,0
DA:192,0
DA:194,0
DA:195,0
DA:196,0
DA:198,0
DA:199,0
DA:204,1
DA:205,9
DA:206,9
DA:208,9
DA:209,9
DA:211,9
DA:212,5
DA:213,5
DA:215,4
DA:216,4
DA:217,4
DA:218,4
DA:220,0
DA:221,0
DA:222,0
DA:223,0
DA:225,0
DA:227,0
DA:228,0
DA:230,0
DA:231,0
DA:232,0
DA:234,0
DA:235,0
DA:236,0
DA:237,0
DA:242,1
DA:243,14
DA:244,14
DA:246,14
DA:247,34
DA:249,14
DA:250,7
DA:251,7
DA:253,7
DA:255,7
DA:257,7
DA:258,7
DA:261,7
DA:262,1
DA:264,6
DA:265,6
DA:266,6
DA:267,7
DA:272,1
DA:273,0
DA:274,0
DA:275,0
DA:276,0
DA:277,0
DA:281,1
DA:282,6
DA:283,1
DA:284,5
DA:285,5
DA:286,5
DA:288,1
DA:290,1
LF:197
LH:132
BRDA:2,0,0,1
BRDA:2,0,1,1
BRDA:2,0,2,1
BRDA:3,1,0,1
BRDA:3,1,1,0
BRDA:6,2,0,0
BRDA:6,2,1,0
BRDA:13,3,0,1
BRDA:13,3,1,1
BRDA:13,3,2,1
BRDA:14,4,0,16
BRDA:14,4,1,0
BRDA:15,5,0,36
BRDA:15,5,1,36
BRDA:18,6,0,32
BRDA:18,6,1,16
BRDA:19,7,0,36
BRDA:19,7,1,36
BRDA:22,8,0,1
BRDA:22,8,1,1
BRDA:22,8,2,1
BRDA:23,9,0,6
BRDA:23,9,1,12
BRDA:24,10,0,36
BRDA:24,10,1,36
BRDA:27,11,0,0
BRDA:27,11,1,48
BRDA:29,12,0,0
BRDA:29,12,1,130
BRDA:29,13,0,130
BRDA:29,13,1,0
BRDA:29,13,2,0
BRDA:29,14,0,0
BRDA:29,14,1,0
BRDA:29,15,0,0
BRDA:29,15,1,0
BRDA:29,16,0,0
BRDA:29,16,1,0
BRDA:29,17,0,0
BRDA:29,17,1,0
BRDA:30,18,0,0
BRDA:30,18,1,130
BRDA:31,19,0,42
BRDA:31,19,1,48
BRDA:31,19,2,16
BRDA:31,19,3,0
BRDA:31,19,4,0
BRDA:31,19,5,66
BRDA:37,20,0,32
BRDA:37,20,1,34
BRDA:37,21,0,66
BRDA:37,21,1,42
BRDA:37,21,2,42
BRDA:37,22,0,66
BRDA:37,22,1,24
BRDA:38,23,0,15
BRDA:38,23,1,19
BRDA:38,24,0,34
BRDA:38,24,1,25
BRDA:38,24,2,15
BRDA:38,24,3,15
BRDA:39,25,0,6
BRDA:39,25,1,13
BRDA:39,26,0,19
BRDA:39,26,1,6
BRDA:40,27,0,0
BRDA:40,27,1,13
BRDA:40,28,0,13
BRDA:40,28,1,13
BRDA:41,29,0,0
BRDA:41,29,1,13
BRDA:46,30,0,0
BRDA:46,30,1,32
BRDA:46,31,0,32
BRDA:46,31,1,0
BRDA:63,32,0,1
BRDA:63,32,1,1
BRDA:73,33,0,0
BRDA:73,33,1,1
BRDA:88,34,0,2
BRDA:88,34,1,1
BRDA:90,35,0,1
BRDA:90,35,1,1
BRDA:97,36,0,0
BRDA:97,36,1,1
BRDA:112,37,0,7
BRDA:112,37,1,0
BRDA:112,37,2,5
BRDA:112,37,3,0
BRDA:112,37,4,0
BRDA:112,37,5,0
BRDA:116,38,0,2
BRDA:116,38,1,5
BRDA:121,39,0,5
BRDA:121,39,1,0
BRDA:127,40,0,1
BRDA:127,40,1,4
BRDA:134,41,0,0
BRDA:134,41,1,0
BRDA:153,42,0,3
BRDA:153,42,1,3
BRDA:153,42,2,0
BRDA:153,42,3,3
BRDA:176,43,0,0
BRDA:176,43,1,0
BRDA:176,43,2,0
BRDA:176,43,3,0
BRDA:176,43,4,0
BRDA:178,44,0,0
BRDA:178,44,1,0
BRDA:194,45,0,0
BRDA:194,45,1,0
BRDA:209,46,0,9
BRDA:209,46,1,0
BRDA:209,46,2,0
BRDA:209,46,3,0
BRDA:209,46,4,0
BRDA:211,47,0,5
BRDA:211,47,1,4
BRDA:216,48,0,4
BRDA:216,48,1,0
BRDA:221,49,0,0
BRDA:221,49,1,0
BRDA:247,50,0,14
BRDA:247,50,1,7
BRDA:247,50,2,7
BRDA:247,50,3,6
BRDA:247,50,4,7
BRDA:249,51,0,7
BRDA:249,51,1,7
BRDA:282,52,0,1
BRDA:282,52,1,5
BRDA:282,53,0,6
BRDA:282,53,1,6
BRF:134
BRH:85
end_of_record
TN:
SF:build\util\validator.js
FN:3,(anonymous_0)
FN:6,(anonymous_1)
FN:11,(anonymous_2)
FN:13,(anonymous_3)
FN:18,(anonymous_4)
FN:24,(anonymous_5)
FN:28,(anonymous_6)
FNF:7
FNH:7
FNDA:2,(anonymous_0)
FNDA:5,(anonymous_1)
FNDA:5,(anonymous_2)
FNDA:23,(anonymous_3)
FNDA:119,(anonymous_4)
FNDA:6,(anonymous_5)
FNDA:6,(anonymous_6)
DA:2,1
DA:3,1
DA:4,2
DA:6,1
DA:7,5
DA:8,5
DA:9,5
DA:11,5
DA:13,1
DA:14,23
DA:15,23
DA:16,9
DA:18,23
DA:19,119
DA:20,8
DA:21,111
DA:24,1
DA:25,6
DA:26,0
DA:28,6
DA:29,6
DA:32,6
DA:33,6
DA:36,0
DA:38,6
DA:40,1
LF:26
LH:24
BRDA:4,0,0,2
BRDA:4,0,1,2
BRDA:4,0,2,2
BRDA:4,0,3,2
BRDA:11,1,0,5
BRDA:11,1,1,4
BRDA:18,2,0,23
BRDA:18,2,1,21
BRDA:19,3,0,8
BRDA:19,3,1,111
BRDA:25,4,0,0
BRDA:25,4,1,6
BRDA:25,5,0,6
BRDA:25,5,1,6
BRF:14
BRH:13
end_of_record
