TN:
SF:src\errors\errors.ts
FN:1,(anonymous_6)
FN:8,ApplicationError
FN:15,(anonymous_8)
FN:21,(anonymous_9)
FN:23,ResourcePersistenceError
FN:30,(anonymous_11)
FN:32,ResourceNotFoundError
FN:39,(anonymous_13)
FN:41,BadRequestError
FN:48,(anonymous_15)
FN:50,AuthenticationError
FN:57,(anonymous_17)
FN:59,AuthorizationError
FN:65,(anonymous_19)
FN:67,InternalServerError
FN:74,(anonymous_21)
FN:76,NotImplementedError
FNF:17
FNH:12
FNDA:2,(anonymous_6)
FNDA:8,ApplicationError
FNDA:8,(anonymous_8)
FNDA:2,(anonymous_9)
FNDA:0,ResourcePersistenceError
FNDA:2,(anonymous_11)
FNDA:2,ResourceNotFoundError
FNDA:2,(anonymous_13)
FNDA:6,BadRequestError
FNDA:2,(anonymous_15)
FNDA:0,AuthenticationError
FNDA:2,(anonymous_17)
FNDA:0,AuthorizationError
FNDA:2,(anonymous_19)
FNDA:0,InternalServerError
FNDA:2,(anonymous_21)
FNDA:0,NotImplementedError
DA:1,2
DA:9,8
DA:10,8
DA:11,8
DA:12,8
DA:15,2
DA:16,8
DA:19,2
DA:21,2
DA:24,0
DA:25,0
DA:28,2
DA:30,2
DA:33,2
DA:34,2
DA:37,2
DA:39,2
DA:42,6
DA:43,6
DA:46,2
DA:48,2
DA:51,0
DA:52,0
DA:55,2
DA:57,2
DA:60,0
DA:61,0
DA:64,2
DA:65,2
DA:68,0
DA:69,0
DA:72,2
DA:74,2
DA:77,0
DA:78,0
DA:81,2
DA:85,2
DA:86,2
DA:87,2
DA:88,2
DA:89,2
DA:90,2
DA:91,2
LF:43
LH:33
BRDA:12,0,0,0
BRDA:12,0,1,8
BRDA:24,1,0,0
BRDA:24,1,1,0
BRDA:33,2,0,2
BRDA:33,2,1,2
BRDA:42,3,0,6
BRDA:42,3,1,6
BRDA:51,4,0,0
BRDA:51,4,1,0
BRDA:60,5,0,0
BRDA:60,5,1,0
BRDA:68,6,0,0
BRDA:68,6,1,0
BRDA:77,7,0,0
BRDA:77,7,1,0
BRF:16
BRH:5
end_of_record
TN:
SF:src\models\role.ts
FN:1,(anonymous_0)
FN:6,Role
FNF:2
FNH:2
FNDA:3,(anonymous_0)
FNDA:17,Role
DA:1,3
DA:8,17
DA:9,13
DA:10,13
DA:11,1
DA:12,1
DA:13,1
DA:15,10
DA:16,10
DA:20,4
DA:21,4
DA:22,4
DA:23,0
DA:24,0
DA:25,0
DA:27,4
DA:28,4
DA:33,0
DA:34,0
DA:39,3
LF:20
LH:15
BRDA:8,0,0,13
BRDA:8,0,1,4
BRDA:11,1,0,1
BRDA:11,1,1,1
BRDA:11,1,2,1
BRDA:11,1,3,10
BRDA:20,2,0,4
BRDA:20,2,1,0
BRDA:23,3,0,0
BRDA:23,3,1,0
BRDA:23,3,2,0
BRDA:23,3,3,4
BRF:12
BRH:8
end_of_record
TN:
SF:src\models\user.ts
FN:14,(anonymous_0)
FN:25,User
FNF:2
FNH:2
FNDA:3,(anonymous_0)
FNDA:21,User
DA:14,3
DA:26,21
DA:27,21
DA:28,21
DA:29,21
DA:30,21
DA:31,21
DA:32,21
DA:35,3
LF:9
LH:9
BRF:0
BRH:0
end_of_record
TN:
SF:src\repos\user_repo.ts
FN:25,getAll
FN:40,getById
FN:58,getUserByUniqueKey
FN:74,getUserByCredentials
FN:90,save
FN:119,update
FN:144,deleteById
FNF:7
FNH:7
FNDA:2,getAll
FNDA:1,getById
FNDA:1,getUserByUniqueKey
FNDA:1,getUserByCredentials
FNDA:1,save
FNDA:1,update
FNDA:1,deleteById
DA:3,1
DA:7,1
DA:8,1
DA:11,1
DA:25,1
DA:29,2
DA:30,2
DA:31,2
DA:32,2
DA:34,0
DA:36,2
DA:40,1
DA:45,1
DA:46,1
DA:47,1
DA:48,1
DA:50,0
DA:52,1
DA:58,1
DA:63,1
DA:64,1
DA:65,1
DA:66,1
DA:68,0
DA:70,1
DA:74,1
DA:79,1
DA:80,1
DA:81,1
DA:82,1
DA:84,0
DA:86,1
DA:90,1
DA:95,1
DA:98,1
DA:100,1
DA:105,1
DA:107,1
DA:109,1
DA:112,0
DA:113,0
DA:115,1
DA:119,1
DA:123,1
DA:125,1
DA:127,1
DA:132,1
DA:133,2
DA:135,1
DA:137,0
DA:139,1
DA:144,1
DA:148,1
DA:149,1
DA:152,2
DA:153,1
DA:155,0
DA:157,1
LF:58
LH:50
BRDA:36,0,0,2
BRDA:36,0,1,2
BRDA:52,1,0,1
BRDA:52,1,1,1
BRDA:70,2,0,1
BRDA:70,2,1,1
BRDA:86,3,0,1
BRDA:86,3,1,1
BRDA:115,4,0,1
BRDA:115,4,1,1
BRDA:139,5,0,1
BRDA:139,5,1,1
BRDA:157,6,0,1
BRDA:157,6,1,1
BRF:14
BRH:14
end_of_record
TN:
SF:src\services\user_service.ts
FN:23,getAllUsers
FN:40,getUserById
FN:63,getUserByUniqueKey
FN:69,(anonymous_25)
FN:104,getUserByCredentials
FN:120,authenticateUser
FN:149,addNewUser
FN:184,updateUser
FN:220,deleteById
FN:238,isUsernameAvailable
FN:258,isEmailAvailable
FN:277,removePassword
FNF:12
FNH:5
FNDA:2,getAllUsers
FNDA:6,getUserById
FNDA:4,getUserByUniqueKey
FNDA:4,(anonymous_25)
FNDA:0,getUserByCredentials
FNDA:0,authenticateUser
FNDA:0,addNewUser
FNDA:0,updateUser
FNDA:0,deleteById
FNDA:0,isUsernameAvailable
FNDA:0,isEmailAvailable
FNDA:7,removePassword
DA:5,1
DA:6,1
DA:7,1
DA:8,1
DA:16,1
DA:23,1
DA:26,2
DA:28,2
DA:29,1
DA:32,1
DA:40,1
DA:44,6
DA:45,4
DA:48,2
DA:50,2
DA:51,1
DA:54,1
DA:63,1
DA:67,4
DA:69,4
DA:70,0
DA:74,4
DA:75,4
DA:78,5
DA:79,3
DA:83,1
DA:84,0
DA:87,1
DA:89,1
DA:90,0
DA:93,1
DA:96,2
DA:104,1
DA:108,0
DA:109,0
DA:111,0
DA:120,1
DA:125,0
DA:126,0
DA:129,0
DA:131,0
DA:133,0
DA:134,0
DA:137,0
DA:140,0
DA:149,1
DA:154,0
DA:155,0
DA:158,0
DA:160,0
DA:161,0
DA:164,0
DA:166,0
DA:167,0
DA:170,0
DA:171,0
DA:173,0
DA:176,0
DA:184,1
DA:188,0
DA:189,0
DA:192,0
DA:194,0
DA:195,0
DA:198,0
DA:200,0
DA:201,0
DA:206,0
DA:207,0
DA:209,0
DA:212,0
DA:220,1
DA:224,0
DA:225,0
DA:228,0
DA:230,0
DA:241,0
DA:242,0
DA:245,0
DA:246,0
DA:249,0
DA:250,0
DA:261,0
DA:262,0
DA:263,0
DA:266,0
DA:267,0
DA:270,0
DA:271,0
DA:278,7
DA:279,6
DA:280,6
DA:281,6
LF:93
LH:38
BRDA:26,0,0,2
BRDA:28,1,0,1
BRDA:28,1,1,1
BRDA:44,2,0,4
BRDA:44,2,1,2
BRDA:50,3,0,1
BRDA:50,3,1,1
BRDA:79,4,0,3
BRDA:69,5,0,0
BRDA:69,5,1,4
BRDA:78,6,0,1
BRDA:78,6,1,3
BRDA:83,7,0,0
BRDA:83,7,1,1
BRDA:89,8,0,0
BRDA:89,8,1,1
BRDA:125,9,0,0
BRDA:125,9,1,0
BRDA:133,10,0,0
BRDA:133,10,1,0
BRDA:154,11,0,0
BRDA:154,11,1,0
BRDA:160,12,0,0
BRDA:160,12,1,0
BRDA:166,13,0,0
BRDA:166,13,1,0
BRDA:207,14,0,0
BRDA:188,15,0,0
BRDA:188,15,1,0
BRDA:194,16,0,0
BRDA:194,16,1,0
BRDA:200,17,0,0
BRDA:200,17,1,0
BRDA:228,18,0,0
BRDA:224,19,0,0
BRDA:224,19,1,0
BRDA:241,20,0,0
BRDA:241,21,0,0
BRDA:241,21,1,0
BRDA:261,22,0,0
BRDA:261,23,0,0
BRDA:261,23,1,0
BRDA:278,24,0,1
BRDA:278,24,1,6
BRDA:278,25,0,7
BRDA:278,25,1,7
BRF:46
BRH:17
end_of_record
TN:
SF:src\util\validator.ts
FN:4,(anonymous_0)
FN:10,(anonymous_1)
FN:11,(anonymous_2)
FN:19,(anonymous_3)
FN:20,(anonymous_4)
FN:31,(anonymous_5)
FN:37,(anonymous_6)
FN:56,(anonymous_7)
FNF:8
FNH:8
FNDA:12,(anonymous_0)
FNDA:6,(anonymous_1)
FNDA:12,(anonymous_2)
FNDA:4,(anonymous_3)
FNDA:22,(anonymous_4)
FNDA:8,(anonymous_5)
FNDA:7,(anonymous_6)
FNDA:10,(anonymous_7)
DA:4,1
DA:5,12
DA:10,24
DA:11,12
DA:19,10
DA:20,4
DA:21,22
DA:22,20
DA:31,1
DA:33,8
DA:34,1
DA:37,7
DA:38,7
DA:42,7
DA:43,7
DA:45,3
DA:48,4
DA:56,1
DA:57,10
DA:58,4
DA:62,1
LF:21
LH:21
BRDA:5,0,0,12
BRDA:5,0,1,8
BRDA:5,0,2,8
BRDA:5,0,3,5
BRDA:11,1,0,12
BRDA:11,1,1,9
BRDA:20,2,0,4
BRDA:20,2,1,4
BRDA:21,3,0,2
BRDA:21,3,1,20
BRDA:33,4,0,1
BRDA:33,4,1,7
BRDA:33,5,0,8
BRDA:33,5,1,8
BRDA:57,6,0,6
BRDA:57,6,1,4
BRF:16
BRH:16
end_of_record
